2021-01-17 20:59:49.032 [restartedMain] INFO  com.thyme.ThymeBootApplication - Starting ThymeBootApplication on DESKTOP-HE with PID 4692 (C:\Users\UID\IdeaProjects\Arslinth\target\classes started by UID in C:\Users\UID\IdeaProjects\Arslinth)
2021-01-17 20:59:49.068 [restartedMain] INFO  com.thyme.ThymeBootApplication - The following profiles are active: dev
2021-01-17 20:59:49.142 [restartedMain] INFO  org.springframework.boot.devtools.env.DevToolsPropertyDefaultsPostProcessor - Devtools property defaults active! Set 'spring.devtools.add-properties' to 'false' to disable
2021-01-17 20:59:49.142 [restartedMain] INFO  org.springframework.boot.devtools.env.DevToolsPropertyDefaultsPostProcessor - For additional web related logging consider setting the 'logging.level.web' property to 'DEBUG'
2021-01-17 20:59:51.164 [restartedMain] INFO  org.springframework.data.repository.config.RepositoryConfigurationDelegate - Multiple Spring Data modules found, entering strict repository configuration mode!
2021-01-17 20:59:51.171 [restartedMain] INFO  org.springframework.data.repository.config.RepositoryConfigurationDelegate - Bootstrapping Spring Data repositories in DEFAULT mode.
2021-01-17 20:59:51.287 [restartedMain] INFO  org.springframework.data.repository.config.RepositoryConfigurationDelegate - Finished Spring Data repository scanning in 97ms. Found 0 repository interfaces.
2021-01-17 20:59:51.884 [restartedMain] INFO  org.springframework.context.support.PostProcessorRegistrationDelegate$BeanPostProcessorChecker - Bean 'redisConfig' of type [com.thyme.system.config.RedisConfig$$EnhancerBySpringCGLIB$$8a2088dc] is not eligible for getting processed by all BeanPostProcessors (for example: not eligible for auto-proxying)
2021-01-17 20:59:51.909 [restartedMain] INFO  org.springframework.context.support.PostProcessorRegistrationDelegate$BeanPostProcessorChecker - Bean 'org.springframework.security.config.annotation.configuration.ObjectPostProcessorConfiguration' of type [org.springframework.security.config.annotation.configuration.ObjectPostProcessorConfiguration$$EnhancerBySpringCGLIB$$a21141bf] is not eligible for getting processed by all BeanPostProcessors (for example: not eligible for auto-proxying)
2021-01-17 20:59:51.922 [restartedMain] INFO  org.springframework.context.support.PostProcessorRegistrationDelegate$BeanPostProcessorChecker - Bean 'org.springframework.transaction.annotation.ProxyTransactionManagementConfiguration' of type [org.springframework.transaction.annotation.ProxyTransactionManagementConfiguration$$EnhancerBySpringCGLIB$$9637985] is not eligible for getting processed by all BeanPostProcessors (for example: not eligible for auto-proxying)
2021-01-17 20:59:51.948 [restartedMain] INFO  org.springframework.context.support.PostProcessorRegistrationDelegate$BeanPostProcessorChecker - Bean 'objectPostProcessor' of type [org.springframework.security.config.annotation.configuration.AutowireBeanFactoryObjectPostProcessor] is not eligible for getting processed by all BeanPostProcessors (for example: not eligible for auto-proxying)
2021-01-17 20:59:51.951 [restartedMain] INFO  org.springframework.context.support.PostProcessorRegistrationDelegate$BeanPostProcessorChecker - Bean 'org.springframework.security.access.expression.method.DefaultMethodSecurityExpressionHandler@2a1e0ca1' of type [org.springframework.security.access.expression.method.DefaultMethodSecurityExpressionHandler] is not eligible for getting processed by all BeanPostProcessors (for example: not eligible for auto-proxying)
2021-01-17 20:59:51.957 [restartedMain] INFO  org.springframework.context.support.PostProcessorRegistrationDelegate$BeanPostProcessorChecker - Bean 'org.springframework.security.config.annotation.method.configuration.GlobalMethodSecurityConfiguration' of type [org.springframework.security.config.annotation.method.configuration.GlobalMethodSecurityConfiguration$$EnhancerBySpringCGLIB$$c6e5e471] is not eligible for getting processed by all BeanPostProcessors (for example: not eligible for auto-proxying)
2021-01-17 20:59:51.963 [restartedMain] INFO  org.springframework.context.support.PostProcessorRegistrationDelegate$BeanPostProcessorChecker - Bean 'methodSecurityMetadataSource' of type [org.springframework.security.access.method.DelegatingMethodSecurityMetadataSource] is not eligible for getting processed by all BeanPostProcessors (for example: not eligible for auto-proxying)
2021-01-17 20:59:52.452 [restartedMain] INFO  org.springframework.boot.web.embedded.tomcat.TomcatWebServer - Tomcat initialized with port(s): 8600 (https)
2021-01-17 20:59:52.472 [restartedMain] INFO  org.apache.coyote.http11.Http11NioProtocol - Initializing ProtocolHandler ["https-jsse-nio-8600"]
2021-01-17 20:59:52.490 [restartedMain] INFO  org.apache.catalina.core.StandardService - Starting service [Tomcat]
2021-01-17 20:59:52.491 [restartedMain] INFO  org.apache.catalina.core.StandardEngine - Starting Servlet engine: [Apache Tomcat/9.0.19]
2021-01-17 20:59:52.694 [restartedMain] INFO  org.apache.catalina.core.ContainerBase.[Tomcat].[localhost].[/Arslinth] - Initializing Spring embedded WebApplicationContext
2021-01-17 20:59:52.694 [restartedMain] INFO  org.springframework.web.context.ContextLoader - Root WebApplicationContext: initialization completed in 3551 ms
2021-01-17 20:59:53.483 [restartedMain] INFO  com.alibaba.druid.spring.boot.autoconfigure.DruidDataSourceAutoConfigure - Init DruidDataSource
2021-01-17 20:59:53.845 [restartedMain] INFO  com.alibaba.druid.pool.DruidDataSource - {dataSource-1} inited
2021-01-17 20:59:55.280 [restartedMain] WARN  com.baomidou.mybatisplus.core.toolkit.TableInfoHelper - Warn: Could not find @TableId in Class: com.thyme.system.entity.SysMenuRole.
2021-01-17 20:59:55.778 [restartedMain] INFO  com.thyme.system.config.filter.XssFilter - 初始化XssFilter过滤器....
2021-01-17 20:59:56.469 [restartedMain] WARN  com.baomidou.mybatisplus.core.toolkit.TableInfoHelper - Warn: Could not find @TableId in Class: com.thyme.system.entity.bussiness.ProductImg.
2021-01-17 20:59:56.620 [restartedMain] WARN  com.baomidou.mybatisplus.core.toolkit.TableInfoHelper - Warn: Could not find @TableId in Class: com.thyme.system.entity.SysUserRole.
2021-01-17 20:59:56.715 [restartedMain] INFO  com.thyme.system.config.RedisConfig - 初始化 -> [Redis CacheErrorHandler]
2021-01-17 20:59:56.893 [restartedMain] INFO  org.springframework.security.web.DefaultSecurityFilterChain - Creating filter chain: any request, [org.springframework.security.web.context.request.async.WebAsyncManagerIntegrationFilter@6f0ef3e5, org.springframework.security.web.context.SecurityContextPersistenceFilter@57c3eaf4, org.springframework.security.web.header.HeaderWriterFilter@4758e52c, org.springframework.web.filter.CorsFilter@933baae, org.springframework.security.web.authentication.logout.LogoutFilter@791cebfe, com.thyme.system.config.filter.ValidateCodeFilter@15fc84e9, org.springframework.security.web.authentication.UsernamePasswordAuthenticationFilter@21876389, org.springframework.security.web.session.ConcurrentSessionFilter@79220b21, org.springframework.security.web.savedrequest.RequestCacheAwareFilter@331a96be, org.springframework.security.web.servletapi.SecurityContextHolderAwareRequestFilter@bdb2cd6, org.springframework.security.web.authentication.rememberme.RememberMeAuthenticationFilter@60d9795, org.springframework.security.web.authentication.AnonymousAuthenticationFilter@57767c07, org.springframework.security.web.session.SessionManagementFilter@b4fe60b, org.springframework.security.web.access.ExceptionTranslationFilter@12165f01, org.springframework.security.web.access.intercept.FilterSecurityInterceptor@1eda584d]
2021-01-17 20:59:57.160 [restartedMain] INFO  org.springframework.scheduling.concurrent.ThreadPoolTaskExecutor - Initializing ExecutorService 'applicationTaskExecutor'
2021-01-17 20:59:57.455 [restartedMain] INFO  org.springframework.boot.autoconfigure.web.servlet.WelcomePageHandlerMapping - Adding welcome page template: index
2021-01-17 20:59:57.906 [restartedMain] INFO  io.lettuce.core.EpollProvider - Starting without optional epoll library
2021-01-17 20:59:57.909 [restartedMain] INFO  io.lettuce.core.KqueueProvider - Starting without optional kqueue library
2021-01-17 20:59:58.561 [restartedMain] INFO  org.springframework.boot.actuate.endpoint.web.EndpointLinksResolver - Exposing 3 endpoint(s) beneath base path '/actuator'
2021-01-17 20:59:58.845 [restartedMain] INFO  org.springframework.boot.devtools.autoconfigure.OptionalLiveReloadServer - LiveReload server is running on port 35729
2021-01-17 20:59:59.491 [restartedMain] INFO  org.springframework.scheduling.annotation.ScheduledAnnotationBeanPostProcessor - No TaskScheduler/ScheduledExecutorService bean found for scheduled processing
2021-01-17 20:59:59.502 [restartedMain] INFO  org.apache.coyote.http11.Http11NioProtocol - Starting ProtocolHandler ["https-jsse-nio-8600"]
2021-01-17 20:59:59.570 [restartedMain] INFO  org.springframework.boot.web.embedded.tomcat.TomcatWebServer - Tomcat started on port(s): 8600 (https) with context path '/Arslinth'
2021-01-17 20:59:59.575 [restartedMain] INFO  com.thyme.ThymeBootApplication - Started ThymeBootApplication in 11.383 seconds (JVM running for 13.403)
2021-01-17 21:00:10.887 [https-jsse-nio-8600-exec-1] INFO  org.apache.catalina.core.ContainerBase.[Tomcat].[localhost].[/Arslinth] - Initializing Spring DispatcherServlet 'dispatcherServlet'
2021-01-17 21:00:10.888 [https-jsse-nio-8600-exec-1] INFO  org.springframework.web.servlet.DispatcherServlet - Initializing Servlet 'dispatcherServlet'
2021-01-17 21:00:10.901 [https-jsse-nio-8600-exec-1] INFO  org.springframework.web.servlet.DispatcherServlet - Completed initialization in 13 ms
