2021-01-15 23:51:11.214 [restartedMain] INFO  com.thyme.ThymeBootApplication - Starting ThymeBootApplication on DESKTOP-HE with PID 16720 (C:\Users\UID\IdeaProjects\Arslinth\target\classes started by UID in C:\Users\UID\IdeaProjects\Arslinth)
2021-01-15 23:51:11.241 [restartedMain] INFO  com.thyme.ThymeBootApplication - The following profiles are active: dev
2021-01-15 23:51:11.329 [restartedMain] INFO  org.springframework.boot.devtools.env.DevToolsPropertyDefaultsPostProcessor - Devtools property defaults active! Set 'spring.devtools.add-properties' to 'false' to disable
2021-01-15 23:51:11.330 [restartedMain] INFO  org.springframework.boot.devtools.env.DevToolsPropertyDefaultsPostProcessor - For additional web related logging consider setting the 'logging.level.web' property to 'DEBUG'
2021-01-15 23:51:13.435 [restartedMain] INFO  org.springframework.data.repository.config.RepositoryConfigurationDelegate - Multiple Spring Data modules found, entering strict repository configuration mode!
2021-01-15 23:51:13.441 [restartedMain] INFO  org.springframework.data.repository.config.RepositoryConfigurationDelegate - Bootstrapping Spring Data repositories in DEFAULT mode.
2021-01-15 23:51:13.577 [restartedMain] INFO  org.springframework.data.repository.config.RepositoryConfigurationDelegate - Finished Spring Data repository scanning in 118ms. Found 0 repository interfaces.
2021-01-15 23:51:14.211 [restartedMain] INFO  org.springframework.context.support.PostProcessorRegistrationDelegate$BeanPostProcessorChecker - Bean 'redisConfig' of type [com.thyme.system.config.RedisConfig$$EnhancerBySpringCGLIB$$9093a361] is not eligible for getting processed by all BeanPostProcessors (for example: not eligible for auto-proxying)
2021-01-15 23:51:14.237 [restartedMain] INFO  org.springframework.context.support.PostProcessorRegistrationDelegate$BeanPostProcessorChecker - Bean 'org.springframework.security.config.annotation.configuration.ObjectPostProcessorConfiguration' of type [org.springframework.security.config.annotation.configuration.ObjectPostProcessorConfiguration$$EnhancerBySpringCGLIB$$a8845c44] is not eligible for getting processed by all BeanPostProcessors (for example: not eligible for auto-proxying)
2021-01-15 23:51:14.251 [restartedMain] INFO  org.springframework.context.support.PostProcessorRegistrationDelegate$BeanPostProcessorChecker - Bean 'org.springframework.transaction.annotation.ProxyTransactionManagementConfiguration' of type [org.springframework.transaction.annotation.ProxyTransactionManagementConfiguration$$EnhancerBySpringCGLIB$$fd6940a] is not eligible for getting processed by all BeanPostProcessors (for example: not eligible for auto-proxying)
2021-01-15 23:51:14.281 [restartedMain] INFO  org.springframework.context.support.PostProcessorRegistrationDelegate$BeanPostProcessorChecker - Bean 'objectPostProcessor' of type [org.springframework.security.config.annotation.configuration.AutowireBeanFactoryObjectPostProcessor] is not eligible for getting processed by all BeanPostProcessors (for example: not eligible for auto-proxying)
2021-01-15 23:51:14.284 [restartedMain] INFO  org.springframework.context.support.PostProcessorRegistrationDelegate$BeanPostProcessorChecker - Bean 'org.springframework.security.access.expression.method.DefaultMethodSecurityExpressionHandler@59bb40b' of type [org.springframework.security.access.expression.method.DefaultMethodSecurityExpressionHandler] is not eligible for getting processed by all BeanPostProcessors (for example: not eligible for auto-proxying)
2021-01-15 23:51:14.288 [restartedMain] INFO  org.springframework.context.support.PostProcessorRegistrationDelegate$BeanPostProcessorChecker - Bean 'org.springframework.security.config.annotation.method.configuration.GlobalMethodSecurityConfiguration' of type [org.springframework.security.config.annotation.method.configuration.GlobalMethodSecurityConfiguration$$EnhancerBySpringCGLIB$$cd58fef6] is not eligible for getting processed by all BeanPostProcessors (for example: not eligible for auto-proxying)
2021-01-15 23:51:14.292 [restartedMain] INFO  org.springframework.context.support.PostProcessorRegistrationDelegate$BeanPostProcessorChecker - Bean 'methodSecurityMetadataSource' of type [org.springframework.security.access.method.DelegatingMethodSecurityMetadataSource] is not eligible for getting processed by all BeanPostProcessors (for example: not eligible for auto-proxying)
2021-01-15 23:51:14.842 [restartedMain] INFO  org.springframework.boot.web.embedded.tomcat.TomcatWebServer - Tomcat initialized with port(s): 8600 (https)
2021-01-15 23:51:14.862 [restartedMain] INFO  org.apache.coyote.http11.Http11NioProtocol - Initializing ProtocolHandler ["https-jsse-nio-8600"]
2021-01-15 23:51:14.881 [restartedMain] INFO  org.apache.catalina.core.StandardService - Starting service [Tomcat]
2021-01-15 23:51:14.882 [restartedMain] INFO  org.apache.catalina.core.StandardEngine - Starting Servlet engine: [Apache Tomcat/9.0.19]
2021-01-15 23:51:15.090 [restartedMain] INFO  org.apache.catalina.core.ContainerBase.[Tomcat].[localhost].[/Arslinth] - Initializing Spring embedded WebApplicationContext
2021-01-15 23:51:15.090 [restartedMain] INFO  org.springframework.web.context.ContextLoader - Root WebApplicationContext: initialization completed in 3760 ms
2021-01-15 23:51:15.944 [restartedMain] INFO  com.alibaba.druid.spring.boot.autoconfigure.DruidDataSourceAutoConfigure - Init DruidDataSource
2021-01-15 23:51:16.303 [restartedMain] INFO  com.alibaba.druid.pool.DruidDataSource - {dataSource-1} inited
2021-01-15 23:51:17.800 [restartedMain] WARN  com.baomidou.mybatisplus.core.toolkit.TableInfoHelper - Warn: Could not find @TableId in Class: com.thyme.system.entity.SysMenuRole.
2021-01-15 23:51:18.384 [restartedMain] INFO  com.thyme.system.config.filter.XssFilter - 初始化XssFilter过滤器....
2021-01-15 23:51:19.095 [restartedMain] WARN  com.baomidou.mybatisplus.core.toolkit.TableInfoHelper - Warn: Could not find @TableId in Class: com.thyme.system.entity.bussiness.ProductImg.
2021-01-15 23:51:19.245 [restartedMain] WARN  com.baomidou.mybatisplus.core.toolkit.TableInfoHelper - Warn: Could not find @TableId in Class: com.thyme.system.entity.SysUserRole.
2021-01-15 23:51:19.348 [restartedMain] INFO  com.thyme.system.config.RedisConfig - 初始化 -> [Redis CacheErrorHandler]
2021-01-15 23:51:19.580 [restartedMain] INFO  org.springframework.security.web.DefaultSecurityFilterChain - Creating filter chain: any request, [org.springframework.security.web.context.request.async.WebAsyncManagerIntegrationFilter@71b2eb79, org.springframework.security.web.context.SecurityContextPersistenceFilter@2bc2baa9, org.springframework.security.web.header.HeaderWriterFilter@14be06c2, org.springframework.web.filter.CorsFilter@38fbced5, org.springframework.security.web.authentication.logout.LogoutFilter@31a443f0, com.thyme.system.config.filter.ValidateCodeFilter@452a7d0d, org.springframework.security.web.authentication.UsernamePasswordAuthenticationFilter@72222996, org.springframework.security.web.session.ConcurrentSessionFilter@5667c39b, org.springframework.security.web.savedrequest.RequestCacheAwareFilter@9edb193, org.springframework.security.web.servletapi.SecurityContextHolderAwareRequestFilter@59162c34, org.springframework.security.web.authentication.rememberme.RememberMeAuthenticationFilter@7d6647f5, org.springframework.security.web.authentication.AnonymousAuthenticationFilter@e874b8a, org.springframework.security.web.session.SessionManagementFilter@a777414, org.springframework.security.web.access.ExceptionTranslationFilter@444ad23e, org.springframework.security.web.access.intercept.FilterSecurityInterceptor@15677822]
2021-01-15 23:51:19.870 [restartedMain] INFO  org.springframework.scheduling.concurrent.ThreadPoolTaskExecutor - Initializing ExecutorService 'applicationTaskExecutor'
2021-01-15 23:51:20.168 [restartedMain] INFO  org.springframework.boot.autoconfigure.web.servlet.WelcomePageHandlerMapping - Adding welcome page template: index
2021-01-15 23:51:20.669 [restartedMain] INFO  io.lettuce.core.EpollProvider - Starting without optional epoll library
2021-01-15 23:51:20.673 [restartedMain] INFO  io.lettuce.core.KqueueProvider - Starting without optional kqueue library
2021-01-15 23:51:21.470 [restartedMain] INFO  org.springframework.boot.actuate.endpoint.web.EndpointLinksResolver - Exposing 3 endpoint(s) beneath base path '/actuator'
2021-01-15 23:51:21.831 [restartedMain] INFO  org.springframework.boot.devtools.autoconfigure.OptionalLiveReloadServer - LiveReload server is running on port 35729
2021-01-15 23:51:22.484 [restartedMain] INFO  org.springframework.scheduling.annotation.ScheduledAnnotationBeanPostProcessor - No TaskScheduler/ScheduledExecutorService bean found for scheduled processing
2021-01-15 23:51:22.495 [restartedMain] INFO  org.apache.coyote.http11.Http11NioProtocol - Starting ProtocolHandler ["https-jsse-nio-8600"]
2021-01-15 23:51:22.588 [restartedMain] INFO  org.springframework.boot.web.embedded.tomcat.TomcatWebServer - Tomcat started on port(s): 8600 (https) with context path '/Arslinth'
2021-01-15 23:51:22.593 [restartedMain] INFO  com.thyme.ThymeBootApplication - Started ThymeBootApplication in 12.281 seconds (JVM running for 14.404)
2021-01-15 23:51:23.274 [RMI TCP Connection(3)-192.168.1.9] INFO  org.apache.catalina.core.ContainerBase.[Tomcat].[localhost].[/Arslinth] - Initializing Spring DispatcherServlet 'dispatcherServlet'
2021-01-15 23:51:23.275 [RMI TCP Connection(3)-192.168.1.9] INFO  org.springframework.web.servlet.DispatcherServlet - Initializing Servlet 'dispatcherServlet'
2021-01-15 23:51:23.288 [RMI TCP Connection(3)-192.168.1.9] INFO  org.springframework.web.servlet.DispatcherServlet - Completed initialization in 13 ms
