2020-08-03 11:58:07.693 [https-jsse-nio-8600-exec-6] WARN  org.springframework.web.servlet.PageNotFound - No mapping for GET /Arslinth/invalid_session
2020-08-03 13:49:33.882 [https-jsse-nio-8600-exec-1] WARN  org.springframework.web.servlet.PageNotFound - No mapping for GET /Arslinth/invalid_session
2020-08-03 14:18:46.093 [restartedMain] INFO  com.thyme.ThymeBootApplication - Starting ThymeBootApplication on Arslinth-PC with PID 18020 (started by Arslinth in E:\Java project\thyme-boot)
2020-08-03 14:18:46.096 [restartedMain] INFO  com.thyme.ThymeBootApplication - The following profiles are active: dev
2020-08-03 14:18:46.118 [restartedMain] INFO  org.springframework.boot.devtools.env.DevToolsPropertyDefaultsPostProcessor - Devtools property defaults active! Set 'spring.devtools.add-properties' to 'false' to disable
2020-08-03 14:18:46.118 [restartedMain] INFO  org.springframework.boot.devtools.env.DevToolsPropertyDefaultsPostProcessor - For additional web related logging consider setting the 'logging.level.web' property to 'DEBUG'
2020-08-03 14:18:46.903 [restartedMain] INFO  org.springframework.data.repository.config.RepositoryConfigurationDelegate - Multiple Spring Data modules found, entering strict repository configuration mode!
2020-08-03 14:18:46.905 [restartedMain] INFO  org.springframework.data.repository.config.RepositoryConfigurationDelegate - Bootstrapping Spring Data repositories in DEFAULT mode.
2020-08-03 14:18:46.933 [restartedMain] INFO  org.springframework.data.repository.config.RepositoryConfigurationDelegate - Finished Spring Data repository scanning in 22ms. Found 0 repository interfaces.
2020-08-03 14:18:47.175 [restartedMain] INFO  org.springframework.context.support.PostProcessorRegistrationDelegate$BeanPostProcessorChecker - Bean 'redisConfig' of type [com.thyme.system.config.RedisConfig$$EnhancerBySpringCGLIB$$f2bd4b42] is not eligible for getting processed by all BeanPostProcessors (for example: not eligible for auto-proxying)
2020-08-03 14:18:47.188 [restartedMain] INFO  org.springframework.context.support.PostProcessorRegistrationDelegate$BeanPostProcessorChecker - Bean 'org.springframework.security.config.annotation.configuration.ObjectPostProcessorConfiguration' of type [org.springframework.security.config.annotation.configuration.ObjectPostProcessorConfiguration$$EnhancerBySpringCGLIB$$aae0425] is not eligible for getting processed by all BeanPostProcessors (for example: not eligible for auto-proxying)
2020-08-03 14:18:47.194 [restartedMain] INFO  org.springframework.context.support.PostProcessorRegistrationDelegate$BeanPostProcessorChecker - Bean 'org.springframework.transaction.annotation.ProxyTransactionManagementConfiguration' of type [org.springframework.transaction.annotation.ProxyTransactionManagementConfiguration$$EnhancerBySpringCGLIB$$72003beb] is not eligible for getting processed by all BeanPostProcessors (for example: not eligible for auto-proxying)
2020-08-03 14:18:47.205 [restartedMain] INFO  org.springframework.context.support.PostProcessorRegistrationDelegate$BeanPostProcessorChecker - Bean 'objectPostProcessor' of type [org.springframework.security.config.annotation.configuration.AutowireBeanFactoryObjectPostProcessor] is not eligible for getting processed by all BeanPostProcessors (for example: not eligible for auto-proxying)
2020-08-03 14:18:47.206 [restartedMain] INFO  org.springframework.context.support.PostProcessorRegistrationDelegate$BeanPostProcessorChecker - Bean 'org.springframework.security.access.expression.method.DefaultMethodSecurityExpressionHandler@29fd1058' of type [org.springframework.security.access.expression.method.DefaultMethodSecurityExpressionHandler] is not eligible for getting processed by all BeanPostProcessors (for example: not eligible for auto-proxying)
2020-08-03 14:18:47.207 [restartedMain] INFO  org.springframework.context.support.PostProcessorRegistrationDelegate$BeanPostProcessorChecker - Bean 'org.springframework.security.config.annotation.method.configuration.GlobalMethodSecurityConfiguration' of type [org.springframework.security.config.annotation.method.configuration.GlobalMethodSecurityConfiguration$$EnhancerBySpringCGLIB$$2f82a6d7] is not eligible for getting processed by all BeanPostProcessors (for example: not eligible for auto-proxying)
2020-08-03 14:18:47.209 [restartedMain] INFO  org.springframework.context.support.PostProcessorRegistrationDelegate$BeanPostProcessorChecker - Bean 'methodSecurityMetadataSource' of type [org.springframework.security.access.method.DelegatingMethodSecurityMetadataSource] is not eligible for getting processed by all BeanPostProcessors (for example: not eligible for auto-proxying)
2020-08-03 14:18:47.412 [restartedMain] INFO  org.springframework.boot.web.embedded.tomcat.TomcatWebServer - Tomcat initialized with port(s): 8600 (https)
2020-08-03 14:18:47.420 [restartedMain] INFO  org.apache.coyote.http11.Http11NioProtocol - Initializing ProtocolHandler ["https-jsse-nio-8600"]
2020-08-03 14:18:47.437 [restartedMain] INFO  org.apache.catalina.core.StandardService - Starting service [Tomcat]
2020-08-03 14:18:47.437 [restartedMain] INFO  org.apache.catalina.core.StandardEngine - Starting Servlet engine: [Apache Tomcat/9.0.19]
2020-08-03 14:18:47.520 [restartedMain] INFO  org.apache.catalina.core.ContainerBase.[Tomcat].[localhost].[/Arslinth] - Initializing Spring embedded WebApplicationContext
2020-08-03 14:18:47.520 [restartedMain] INFO  org.springframework.web.context.ContextLoader - Root WebApplicationContext: initialization completed in 1402 ms
2020-08-03 14:18:47.841 [restartedMain] INFO  com.alibaba.druid.spring.boot.autoconfigure.DruidDataSourceAutoConfigure - Init DruidDataSource
2020-08-03 14:18:47.988 [restartedMain] INFO  com.alibaba.druid.pool.DruidDataSource - {dataSource-1} inited
2020-08-03 14:18:48.567 [restartedMain] WARN  com.baomidou.mybatisplus.core.toolkit.TableInfoHelper - Warn: Could not find @TableId in Class: com.thyme.system.entity.SysMenuRole.
2020-08-03 14:18:48.772 [restartedMain] INFO  com.thyme.system.config.filter.XssFilter - 初始化XssFilter过滤器....
2020-08-03 14:18:48.919 [restartedMain] WARN  com.baomidou.mybatisplus.core.toolkit.TableInfoHelper - Warn: Could not find @TableId in Class: com.thyme.system.entity.bussiness.ProductImg.
2020-08-03 14:18:49.074 [restartedMain] WARN  com.baomidou.mybatisplus.core.toolkit.TableInfoHelper - Warn: Could not find @TableId in Class: com.thyme.system.entity.SysUserRole.
2020-08-03 14:18:49.113 [restartedMain] INFO  com.thyme.system.config.RedisConfig - 初始化 -> [Redis CacheErrorHandler]
2020-08-03 14:18:49.187 [restartedMain] INFO  org.springframework.security.web.DefaultSecurityFilterChain - Creating filter chain: any request, [org.springframework.security.web.context.request.async.WebAsyncManagerIntegrationFilter@2da00fdf, org.springframework.security.web.context.SecurityContextPersistenceFilter@1916198a, org.springframework.security.web.header.HeaderWriterFilter@70b8d8f5, org.springframework.web.filter.CorsFilter@5ec7e942, org.springframework.security.web.authentication.logout.LogoutFilter@48ee6859, com.thyme.system.config.filter.ValidateCodeFilter@6b404566, org.springframework.security.web.authentication.UsernamePasswordAuthenticationFilter@483028ca, org.springframework.security.web.session.ConcurrentSessionFilter@674559d1, org.springframework.security.web.savedrequest.RequestCacheAwareFilter@764a99a7, org.springframework.security.web.servletapi.SecurityContextHolderAwareRequestFilter@255063b7, org.springframework.security.web.authentication.rememberme.RememberMeAuthenticationFilter@19e52581, org.springframework.security.web.authentication.AnonymousAuthenticationFilter@472f5973, org.springframework.security.web.session.SessionManagementFilter@3d502d79, org.springframework.security.web.access.ExceptionTranslationFilter@2f51b420, org.springframework.security.web.access.intercept.FilterSecurityInterceptor@7b05a0e0]
2020-08-03 14:18:49.306 [restartedMain] INFO  org.springframework.scheduling.concurrent.ThreadPoolTaskExecutor - Initializing ExecutorService 'applicationTaskExecutor'
2020-08-03 14:18:49.424 [restartedMain] INFO  org.springframework.boot.autoconfigure.web.servlet.WelcomePageHandlerMapping - Adding welcome page template: index
2020-08-03 14:18:49.629 [restartedMain] INFO  io.lettuce.core.EpollProvider - Starting without optional epoll library
2020-08-03 14:18:49.630 [restartedMain] INFO  io.lettuce.core.KqueueProvider - Starting without optional kqueue library
2020-08-03 14:18:50.011 [restartedMain] INFO  org.springframework.boot.actuate.endpoint.web.EndpointLinksResolver - Exposing 3 endpoint(s) beneath base path '/actuator'
2020-08-03 14:18:50.081 [restartedMain] INFO  org.springframework.boot.devtools.autoconfigure.OptionalLiveReloadServer - LiveReload server is running on port 35729
2020-08-03 14:18:50.676 [restartedMain] INFO  org.springframework.scheduling.annotation.ScheduledAnnotationBeanPostProcessor - No TaskScheduler/ScheduledExecutorService bean found for scheduled processing
2020-08-03 14:18:50.680 [restartedMain] INFO  org.apache.coyote.http11.Http11NioProtocol - Starting ProtocolHandler ["https-jsse-nio-8600"]
2020-08-03 14:18:50.713 [restartedMain] INFO  org.springframework.boot.web.embedded.tomcat.TomcatWebServer - Tomcat started on port(s): 8600 (https) with context path '/Arslinth'
2020-08-03 14:18:50.715 [restartedMain] INFO  com.thyme.ThymeBootApplication - Started ThymeBootApplication in 4.878 seconds (JVM running for 5.567)
2020-08-03 14:18:51.016 [RMI TCP Connection(3)-192.168.199.155] INFO  org.apache.catalina.core.ContainerBase.[Tomcat].[localhost].[/Arslinth] - Initializing Spring DispatcherServlet 'dispatcherServlet'
2020-08-03 14:18:51.017 [RMI TCP Connection(3)-192.168.199.155] INFO  org.springframework.web.servlet.DispatcherServlet - Initializing Servlet 'dispatcherServlet'
2020-08-03 14:18:51.023 [RMI TCP Connection(3)-192.168.199.155] INFO  org.springframework.web.servlet.DispatcherServlet - Completed initialization in 6 ms
2020-08-03 14:20:48.571 [Thread-12] INFO  org.springframework.scheduling.concurrent.ThreadPoolTaskExecutor - Shutting down ExecutorService 'applicationTaskExecutor'
2020-08-03 14:20:48.575 [Thread-12] INFO  com.alibaba.druid.pool.DruidDataSource - {dataSource-1} closed
2020-08-03 14:20:52.679 [restartedMain] INFO  com.thyme.ThymeBootApplication - Starting ThymeBootApplication on Arslinth-PC with PID 26976 (started by Arslinth in E:\Java project\thyme-boot)
2020-08-03 14:20:52.683 [restartedMain] INFO  com.thyme.ThymeBootApplication - The following profiles are active: dev
2020-08-03 14:20:52.711 [restartedMain] INFO  org.springframework.boot.devtools.env.DevToolsPropertyDefaultsPostProcessor - Devtools property defaults active! Set 'spring.devtools.add-properties' to 'false' to disable
2020-08-03 14:20:52.711 [restartedMain] INFO  org.springframework.boot.devtools.env.DevToolsPropertyDefaultsPostProcessor - For additional web related logging consider setting the 'logging.level.web' property to 'DEBUG'
2020-08-03 14:20:53.570 [restartedMain] INFO  org.springframework.data.repository.config.RepositoryConfigurationDelegate - Multiple Spring Data modules found, entering strict repository configuration mode!
2020-08-03 14:20:53.571 [restartedMain] INFO  org.springframework.data.repository.config.RepositoryConfigurationDelegate - Bootstrapping Spring Data repositories in DEFAULT mode.
2020-08-03 14:20:53.599 [restartedMain] INFO  org.springframework.data.repository.config.RepositoryConfigurationDelegate - Finished Spring Data repository scanning in 22ms. Found 0 repository interfaces.
2020-08-03 14:20:53.849 [restartedMain] INFO  org.springframework.context.support.PostProcessorRegistrationDelegate$BeanPostProcessorChecker - Bean 'redisConfig' of type [com.thyme.system.config.RedisConfig$$EnhancerBySpringCGLIB$$713f9f64] is not eligible for getting processed by all BeanPostProcessors (for example: not eligible for auto-proxying)
2020-08-03 14:20:53.862 [restartedMain] INFO  org.springframework.context.support.PostProcessorRegistrationDelegate$BeanPostProcessorChecker - Bean 'org.springframework.security.config.annotation.configuration.ObjectPostProcessorConfiguration' of type [org.springframework.security.config.annotation.configuration.ObjectPostProcessorConfiguration$$EnhancerBySpringCGLIB$$89305847] is not eligible for getting processed by all BeanPostProcessors (for example: not eligible for auto-proxying)
2020-08-03 14:20:53.869 [restartedMain] INFO  org.springframework.context.support.PostProcessorRegistrationDelegate$BeanPostProcessorChecker - Bean 'org.springframework.transaction.annotation.ProxyTransactionManagementConfiguration' of type [org.springframework.transaction.annotation.ProxyTransactionManagementConfiguration$$EnhancerBySpringCGLIB$$f082900d] is not eligible for getting processed by all BeanPostProcessors (for example: not eligible for auto-proxying)
2020-08-03 14:20:53.881 [restartedMain] INFO  org.springframework.context.support.PostProcessorRegistrationDelegate$BeanPostProcessorChecker - Bean 'objectPostProcessor' of type [org.springframework.security.config.annotation.configuration.AutowireBeanFactoryObjectPostProcessor] is not eligible for getting processed by all BeanPostProcessors (for example: not eligible for auto-proxying)
2020-08-03 14:20:53.882 [restartedMain] INFO  org.springframework.context.support.PostProcessorRegistrationDelegate$BeanPostProcessorChecker - Bean 'org.springframework.security.access.expression.method.DefaultMethodSecurityExpressionHandler@45b3dce2' of type [org.springframework.security.access.expression.method.DefaultMethodSecurityExpressionHandler] is not eligible for getting processed by all BeanPostProcessors (for example: not eligible for auto-proxying)
2020-08-03 14:20:53.883 [restartedMain] INFO  org.springframework.context.support.PostProcessorRegistrationDelegate$BeanPostProcessorChecker - Bean 'org.springframework.security.config.annotation.method.configuration.GlobalMethodSecurityConfiguration' of type [org.springframework.security.config.annotation.method.configuration.GlobalMethodSecurityConfiguration$$EnhancerBySpringCGLIB$$ae04faf9] is not eligible for getting processed by all BeanPostProcessors (for example: not eligible for auto-proxying)
2020-08-03 14:20:53.884 [restartedMain] INFO  org.springframework.context.support.PostProcessorRegistrationDelegate$BeanPostProcessorChecker - Bean 'methodSecurityMetadataSource' of type [org.springframework.security.access.method.DelegatingMethodSecurityMetadataSource] is not eligible for getting processed by all BeanPostProcessors (for example: not eligible for auto-proxying)
2020-08-03 14:20:54.085 [restartedMain] INFO  org.springframework.boot.web.embedded.tomcat.TomcatWebServer - Tomcat initialized with port(s): 8600 (https)
2020-08-03 14:20:54.093 [restartedMain] INFO  org.apache.coyote.http11.Http11NioProtocol - Initializing ProtocolHandler ["https-jsse-nio-8600"]
2020-08-03 14:20:54.110 [restartedMain] INFO  org.apache.catalina.core.StandardService - Starting service [Tomcat]
2020-08-03 14:20:54.111 [restartedMain] INFO  org.apache.catalina.core.StandardEngine - Starting Servlet engine: [Apache Tomcat/9.0.19]
2020-08-03 14:20:54.197 [restartedMain] INFO  org.apache.catalina.core.ContainerBase.[Tomcat].[localhost].[/Arslinth] - Initializing Spring embedded WebApplicationContext
2020-08-03 14:20:54.197 [restartedMain] INFO  org.springframework.web.context.ContextLoader - Root WebApplicationContext: initialization completed in 1486 ms
2020-08-03 14:20:54.542 [restartedMain] INFO  com.alibaba.druid.spring.boot.autoconfigure.DruidDataSourceAutoConfigure - Init DruidDataSource
2020-08-03 14:20:54.690 [restartedMain] INFO  com.alibaba.druid.pool.DruidDataSource - {dataSource-1} inited
2020-08-03 14:20:55.282 [restartedMain] WARN  com.baomidou.mybatisplus.core.toolkit.TableInfoHelper - Warn: Could not find @TableId in Class: com.thyme.system.entity.SysMenuRole.
2020-08-03 14:20:55.492 [restartedMain] INFO  com.thyme.system.config.filter.XssFilter - 初始化XssFilter过滤器....
2020-08-03 14:20:55.644 [restartedMain] WARN  com.baomidou.mybatisplus.core.toolkit.TableInfoHelper - Warn: Could not find @TableId in Class: com.thyme.system.entity.bussiness.ProductImg.
2020-08-03 14:20:55.797 [restartedMain] WARN  com.baomidou.mybatisplus.core.toolkit.TableInfoHelper - Warn: Could not find @TableId in Class: com.thyme.system.entity.SysUserRole.
2020-08-03 14:20:55.846 [restartedMain] INFO  com.thyme.system.config.RedisConfig - 初始化 -> [Redis CacheErrorHandler]
2020-08-03 14:20:55.919 [restartedMain] INFO  org.springframework.security.web.DefaultSecurityFilterChain - Creating filter chain: any request, [org.springframework.security.web.context.request.async.WebAsyncManagerIntegrationFilter@49780377, org.springframework.security.web.context.SecurityContextPersistenceFilter@302abebc, org.springframework.security.web.header.HeaderWriterFilter@5c11c9f9, org.springframework.web.filter.CorsFilter@72b45926, org.springframework.security.web.authentication.logout.LogoutFilter@6c2280cb, com.thyme.system.config.filter.ValidateCodeFilter@70b32c29, org.springframework.security.web.authentication.UsernamePasswordAuthenticationFilter@8a05e05, org.springframework.security.web.session.ConcurrentSessionFilter@38b8f4f8, org.springframework.security.web.savedrequest.RequestCacheAwareFilter@5d20f825, org.springframework.security.web.servletapi.SecurityContextHolderAwareRequestFilter@54cf31c, org.springframework.security.web.authentication.rememberme.RememberMeAuthenticationFilter@47ad4e10, org.springframework.security.web.authentication.AnonymousAuthenticationFilter@2d91e21a, org.springframework.security.web.session.SessionManagementFilter@492422ac, org.springframework.security.web.access.ExceptionTranslationFilter@4e4fec7e, org.springframework.security.web.access.intercept.FilterSecurityInterceptor@6d77c378]
2020-08-03 14:20:56.030 [restartedMain] INFO  org.springframework.scheduling.concurrent.ThreadPoolTaskExecutor - Initializing ExecutorService 'applicationTaskExecutor'
2020-08-03 14:20:56.161 [restartedMain] INFO  org.springframework.boot.autoconfigure.web.servlet.WelcomePageHandlerMapping - Adding welcome page template: index
2020-08-03 14:20:56.356 [restartedMain] INFO  io.lettuce.core.EpollProvider - Starting without optional epoll library
2020-08-03 14:20:56.357 [restartedMain] INFO  io.lettuce.core.KqueueProvider - Starting without optional kqueue library
2020-08-03 14:20:56.720 [restartedMain] INFO  org.springframework.boot.actuate.endpoint.web.EndpointLinksResolver - Exposing 3 endpoint(s) beneath base path '/actuator'
2020-08-03 14:20:56.786 [restartedMain] INFO  org.springframework.boot.devtools.autoconfigure.OptionalLiveReloadServer - LiveReload server is running on port 35729
2020-08-03 14:20:57.379 [restartedMain] INFO  org.springframework.scheduling.annotation.ScheduledAnnotationBeanPostProcessor - No TaskScheduler/ScheduledExecutorService bean found for scheduled processing
2020-08-03 14:20:57.383 [restartedMain] INFO  org.apache.coyote.http11.Http11NioProtocol - Starting ProtocolHandler ["https-jsse-nio-8600"]
2020-08-03 14:20:57.417 [restartedMain] INFO  org.springframework.boot.web.embedded.tomcat.TomcatWebServer - Tomcat started on port(s): 8600 (https) with context path '/Arslinth'
2020-08-03 14:20:57.419 [restartedMain] INFO  com.thyme.ThymeBootApplication - Started ThymeBootApplication in 5.007 seconds (JVM running for 5.679)
2020-08-03 14:20:57.695 [RMI TCP Connection(3)-192.168.199.155] INFO  org.apache.catalina.core.ContainerBase.[Tomcat].[localhost].[/Arslinth] - Initializing Spring DispatcherServlet 'dispatcherServlet'
2020-08-03 14:20:57.695 [RMI TCP Connection(3)-192.168.199.155] INFO  org.springframework.web.servlet.DispatcherServlet - Initializing Servlet 'dispatcherServlet'
2020-08-03 14:20:57.701 [RMI TCP Connection(3)-192.168.199.155] INFO  org.springframework.web.servlet.DispatcherServlet - Completed initialization in 6 ms
2020-08-03 14:23:19.609 [https-jsse-nio-8600-exec-10] INFO  com.thyme.common.utils.excel.ExcelListener - 解析到一条数据:{"cost":45.0,"count":200,"inDate":"2020-08-02","pdName":"桂花15","price":50.0,"remark":"5包/件","single":true,"unit":40}
2020-08-03 14:23:19.626 [https-jsse-nio-8600-exec-10] WARN  com.alibaba.excel.read.processor.DefaultAnalysisEventProcessor - Empty row!
2020-08-03 14:23:19.626 [https-jsse-nio-8600-exec-10] WARN  com.alibaba.excel.read.processor.DefaultAnalysisEventProcessor - Empty row!
2020-08-03 14:23:19.626 [https-jsse-nio-8600-exec-10] WARN  com.alibaba.excel.read.processor.DefaultAnalysisEventProcessor - Empty row!
2020-08-03 14:23:19.626 [https-jsse-nio-8600-exec-10] WARN  com.alibaba.excel.read.processor.DefaultAnalysisEventProcessor - Empty row!
2020-08-03 14:23:19.626 [https-jsse-nio-8600-exec-10] INFO  com.thyme.common.utils.excel.ExcelListener - 所有数据解析完成！
2020-08-03 15:34:52.260 [Thread-12] INFO  org.springframework.scheduling.concurrent.ThreadPoolTaskExecutor - Shutting down ExecutorService 'applicationTaskExecutor'
2020-08-03 15:34:52.266 [Thread-12] INFO  com.alibaba.druid.pool.DruidDataSource - {dataSource-1} closed
2020-08-03 16:58:31.577 [restartedMain] INFO  com.thyme.ThymeBootApplication - Starting ThymeBootApplication on Arslinth-PC with PID 22424 (started by Arslinth in E:\Java project\thyme-boot)
2020-08-03 16:58:31.580 [restartedMain] INFO  com.thyme.ThymeBootApplication - The following profiles are active: dev
2020-08-03 16:58:31.601 [restartedMain] INFO  org.springframework.boot.devtools.env.DevToolsPropertyDefaultsPostProcessor - Devtools property defaults active! Set 'spring.devtools.add-properties' to 'false' to disable
2020-08-03 16:58:31.601 [restartedMain] INFO  org.springframework.boot.devtools.env.DevToolsPropertyDefaultsPostProcessor - For additional web related logging consider setting the 'logging.level.web' property to 'DEBUG'
2020-08-03 16:58:32.249 [restartedMain] INFO  org.springframework.data.repository.config.RepositoryConfigurationDelegate - Multiple Spring Data modules found, entering strict repository configuration mode!
2020-08-03 16:58:32.250 [restartedMain] INFO  org.springframework.data.repository.config.RepositoryConfigurationDelegate - Bootstrapping Spring Data repositories in DEFAULT mode.
2020-08-03 16:58:32.278 [restartedMain] INFO  org.springframework.data.repository.config.RepositoryConfigurationDelegate - Finished Spring Data repository scanning in 22ms. Found 0 repository interfaces.
2020-08-03 16:58:32.488 [restartedMain] INFO  org.springframework.context.support.PostProcessorRegistrationDelegate$BeanPostProcessorChecker - Bean 'redisConfig' of type [com.thyme.system.config.RedisConfig$$EnhancerBySpringCGLIB$$47e3e5ac] is not eligible for getting processed by all BeanPostProcessors (for example: not eligible for auto-proxying)
2020-08-03 16:58:32.498 [restartedMain] INFO  org.springframework.context.support.PostProcessorRegistrationDelegate$BeanPostProcessorChecker - Bean 'org.springframework.security.config.annotation.configuration.ObjectPostProcessorConfiguration' of type [org.springframework.security.config.annotation.configuration.ObjectPostProcessorConfiguration$$EnhancerBySpringCGLIB$$5fd49e8f] is not eligible for getting processed by all BeanPostProcessors (for example: not eligible for auto-proxying)
2020-08-03 16:58:32.503 [restartedMain] INFO  org.springframework.context.support.PostProcessorRegistrationDelegate$BeanPostProcessorChecker - Bean 'org.springframework.transaction.annotation.ProxyTransactionManagementConfiguration' of type [org.springframework.transaction.annotation.ProxyTransactionManagementConfiguration$$EnhancerBySpringCGLIB$$c726d655] is not eligible for getting processed by all BeanPostProcessors (for example: not eligible for auto-proxying)
2020-08-03 16:58:32.512 [restartedMain] INFO  org.springframework.context.support.PostProcessorRegistrationDelegate$BeanPostProcessorChecker - Bean 'objectPostProcessor' of type [org.springframework.security.config.annotation.configuration.AutowireBeanFactoryObjectPostProcessor] is not eligible for getting processed by all BeanPostProcessors (for example: not eligible for auto-proxying)
2020-08-03 16:58:32.513 [restartedMain] INFO  org.springframework.context.support.PostProcessorRegistrationDelegate$BeanPostProcessorChecker - Bean 'org.springframework.security.access.expression.method.DefaultMethodSecurityExpressionHandler@523c1bd6' of type [org.springframework.security.access.expression.method.DefaultMethodSecurityExpressionHandler] is not eligible for getting processed by all BeanPostProcessors (for example: not eligible for auto-proxying)
2020-08-03 16:58:32.514 [restartedMain] INFO  org.springframework.context.support.PostProcessorRegistrationDelegate$BeanPostProcessorChecker - Bean 'org.springframework.security.config.annotation.method.configuration.GlobalMethodSecurityConfiguration' of type [org.springframework.security.config.annotation.method.configuration.GlobalMethodSecurityConfiguration$$EnhancerBySpringCGLIB$$84a94141] is not eligible for getting processed by all BeanPostProcessors (for example: not eligible for auto-proxying)
2020-08-03 16:58:32.515 [restartedMain] INFO  org.springframework.context.support.PostProcessorRegistrationDelegate$BeanPostProcessorChecker - Bean 'methodSecurityMetadataSource' of type [org.springframework.security.access.method.DelegatingMethodSecurityMetadataSource] is not eligible for getting processed by all BeanPostProcessors (for example: not eligible for auto-proxying)
2020-08-03 16:58:32.704 [restartedMain] INFO  org.springframework.boot.web.embedded.tomcat.TomcatWebServer - Tomcat initialized with port(s): 8600 (https)
2020-08-03 16:58:32.711 [restartedMain] INFO  org.apache.coyote.http11.Http11NioProtocol - Initializing ProtocolHandler ["https-jsse-nio-8600"]
2020-08-03 16:58:32.719 [restartedMain] INFO  org.apache.catalina.core.StandardService - Starting service [Tomcat]
2020-08-03 16:58:32.719 [restartedMain] INFO  org.apache.catalina.core.StandardEngine - Starting Servlet engine: [Apache Tomcat/9.0.19]
2020-08-03 16:58:32.779 [restartedMain] INFO  org.apache.catalina.core.ContainerBase.[Tomcat].[localhost].[/Arslinth] - Initializing Spring embedded WebApplicationContext
2020-08-03 16:58:32.779 [restartedMain] INFO  org.springframework.web.context.ContextLoader - Root WebApplicationContext: initialization completed in 1178 ms
2020-08-03 16:58:33.082 [restartedMain] INFO  com.alibaba.druid.spring.boot.autoconfigure.DruidDataSourceAutoConfigure - Init DruidDataSource
2020-08-03 16:58:33.234 [restartedMain] INFO  com.alibaba.druid.pool.DruidDataSource - {dataSource-1} inited
2020-08-03 16:58:33.747 [restartedMain] WARN  com.baomidou.mybatisplus.core.toolkit.TableInfoHelper - Warn: Could not find @TableId in Class: com.thyme.system.entity.SysMenuRole.
2020-08-03 16:58:33.937 [restartedMain] INFO  com.thyme.system.config.filter.XssFilter - 初始化XssFilter过滤器....
2020-08-03 16:58:34.071 [restartedMain] WARN  com.baomidou.mybatisplus.core.toolkit.TableInfoHelper - Warn: Could not find @TableId in Class: com.thyme.system.entity.bussiness.ProductImg.
2020-08-03 16:58:34.197 [restartedMain] WARN  com.baomidou.mybatisplus.core.toolkit.TableInfoHelper - Warn: Could not find @TableId in Class: com.thyme.system.entity.SysUserRole.
2020-08-03 16:58:34.230 [restartedMain] INFO  com.thyme.system.config.RedisConfig - 初始化 -> [Redis CacheErrorHandler]
2020-08-03 16:58:34.296 [restartedMain] INFO  org.springframework.security.web.DefaultSecurityFilterChain - Creating filter chain: any request, [org.springframework.security.web.context.request.async.WebAsyncManagerIntegrationFilter@a69cb4c, org.springframework.security.web.context.SecurityContextPersistenceFilter@58c0257e, org.springframework.security.web.header.HeaderWriterFilter@3e4f463c, org.springframework.web.filter.CorsFilter@7ca2c865, org.springframework.security.web.authentication.logout.LogoutFilter@6d9e3137, com.thyme.system.config.filter.ValidateCodeFilter@4ae06d86, org.springframework.security.web.authentication.UsernamePasswordAuthenticationFilter@13ed04e1, org.springframework.security.web.session.ConcurrentSessionFilter@36f128ae, org.springframework.security.web.savedrequest.RequestCacheAwareFilter@34f70196, org.springframework.security.web.servletapi.SecurityContextHolderAwareRequestFilter@36965fc9, org.springframework.security.web.authentication.rememberme.RememberMeAuthenticationFilter@549b1d52, org.springframework.security.web.authentication.AnonymousAuthenticationFilter@49fba15c, org.springframework.security.web.session.SessionManagementFilter@2ef3e10d, org.springframework.security.web.access.ExceptionTranslationFilter@74bb1b2c, org.springframework.security.web.access.intercept.FilterSecurityInterceptor@2c9581b5]
2020-08-03 16:58:34.399 [restartedMain] INFO  org.springframework.scheduling.concurrent.ThreadPoolTaskExecutor - Initializing ExecutorService 'applicationTaskExecutor'
2020-08-03 16:58:34.510 [restartedMain] INFO  org.springframework.boot.autoconfigure.web.servlet.WelcomePageHandlerMapping - Adding welcome page template: index
2020-08-03 16:58:34.691 [restartedMain] INFO  io.lettuce.core.EpollProvider - Starting without optional epoll library
2020-08-03 16:58:34.691 [restartedMain] INFO  io.lettuce.core.KqueueProvider - Starting without optional kqueue library
2020-08-03 16:58:35.035 [restartedMain] INFO  org.springframework.boot.actuate.endpoint.web.EndpointLinksResolver - Exposing 3 endpoint(s) beneath base path '/actuator'
2020-08-03 16:58:35.099 [restartedMain] INFO  org.springframework.boot.devtools.autoconfigure.OptionalLiveReloadServer - LiveReload server is running on port 35729
2020-08-03 16:58:35.686 [restartedMain] INFO  org.springframework.scheduling.annotation.ScheduledAnnotationBeanPostProcessor - No TaskScheduler/ScheduledExecutorService bean found for scheduled processing
2020-08-03 16:58:35.690 [restartedMain] INFO  org.apache.coyote.http11.Http11NioProtocol - Starting ProtocolHandler ["https-jsse-nio-8600"]
2020-08-03 16:58:35.721 [restartedMain] INFO  org.springframework.boot.web.embedded.tomcat.TomcatWebServer - Tomcat started on port(s): 8600 (https) with context path '/Arslinth'
2020-08-03 16:58:35.722 [restartedMain] INFO  com.thyme.ThymeBootApplication - Started ThymeBootApplication in 4.382 seconds (JVM running for 5.01)
2020-08-03 16:58:35.929 [RMI TCP Connection(1)-192.168.199.155] INFO  org.apache.catalina.core.ContainerBase.[Tomcat].[localhost].[/Arslinth] - Initializing Spring DispatcherServlet 'dispatcherServlet'
2020-08-03 16:58:35.929 [RMI TCP Connection(1)-192.168.199.155] INFO  org.springframework.web.servlet.DispatcherServlet - Initializing Servlet 'dispatcherServlet'
2020-08-03 16:58:35.935 [RMI TCP Connection(1)-192.168.199.155] INFO  org.springframework.web.servlet.DispatcherServlet - Completed initialization in 6 ms
2020-08-03 16:58:39.545 [https-jsse-nio-8600-exec-10] WARN  org.springframework.web.servlet.PageNotFound - No mapping for GET /Arslinth/invalid_session
2020-08-03 17:37:33.844 [https-jsse-nio-8600-exec-8] WARN  org.springframework.web.servlet.PageNotFound - No mapping for GET /Arslinth/invalid_session
2020-08-03 17:37:33.845 [https-jsse-nio-8600-exec-2] WARN  org.springframework.web.servlet.PageNotFound - No mapping for GET /Arslinth/invalid_session
2020-08-03 17:37:33.851 [https-jsse-nio-8600-exec-9] WARN  org.springframework.web.servlet.PageNotFound - No mapping for GET /Arslinth/invalid_session
2020-08-03 17:40:11.206 [https-jsse-nio-8600-exec-6] INFO  com.thyme.common.utils.excel.ExcelListener - 解析到一条数据:{"cost":45.0,"count":200,"inDate":"2020-08-02","pdName":"水稻001","price":50.0,"remark":"5包/件","single":true,"unit":40}
2020-08-03 17:40:11.221 [https-jsse-nio-8600-exec-6] INFO  com.thyme.common.utils.excel.ExcelListener - 解析到一条数据:{"cost":45.0,"count":200,"inDate":"2020-08-03","pdName":"水稻002","price":50.0,"single":true,"unit":40}
2020-08-03 17:40:11.232 [https-jsse-nio-8600-exec-6] INFO  com.thyme.common.utils.excel.ExcelListener - 解析到一条数据:{"cost":45.0,"count":200,"inDate":"2020-08-04","pdName":"水稻003","price":50.0,"single":true,"unit":40}
2020-08-03 17:40:11.243 [https-jsse-nio-8600-exec-6] INFO  com.thyme.common.utils.excel.ExcelListener - 解析到一条数据:{"cost":45.0,"count":200,"inDate":"2020-08-05","pdName":"水稻004","price":50.0,"single":true,"unit":40}
2020-08-03 17:40:11.254 [https-jsse-nio-8600-exec-6] INFO  com.thyme.common.utils.excel.ExcelListener - 解析到一条数据:{"cost":45.0,"count":200,"inDate":"2020-08-06","pdName":"水稻005","price":50.0,"single":true,"unit":40}
2020-08-03 17:40:11.264 [https-jsse-nio-8600-exec-6] INFO  com.thyme.common.utils.excel.ExcelListener - 解析到一条数据:{"cost":45.0,"count":200,"inDate":"2020-08-07","pdName":"水稻006","price":50.0,"single":true,"unit":40}
2020-08-03 17:40:11.274 [https-jsse-nio-8600-exec-6] INFO  com.thyme.common.utils.excel.ExcelListener - 解析到一条数据:{"cost":45.0,"count":200,"inDate":"2020-08-08","pdName":"水稻007","price":50.0,"single":true,"unit":40}
2020-08-03 17:40:11.283 [https-jsse-nio-8600-exec-6] INFO  com.thyme.common.utils.excel.ExcelListener - 解析到一条数据:{"cost":45.0,"count":200,"inDate":"2020-08-09","pdName":"水稻008","price":50.0,"single":true,"unit":40}
2020-08-03 17:40:11.291 [https-jsse-nio-8600-exec-6] INFO  com.thyme.common.utils.excel.ExcelListener - 解析到一条数据:{"cost":45.0,"count":200,"inDate":"2020-08-10","pdName":"水稻009","price":50.0,"single":true,"unit":40}
2020-08-03 17:40:11.300 [https-jsse-nio-8600-exec-6] INFO  com.thyme.common.utils.excel.ExcelListener - 所有数据解析完成！
2020-08-03 18:30:48.139 [https-jsse-nio-8600-exec-8] WARN  org.springframework.web.servlet.PageNotFound - No mapping for GET /Arslinth/invalid_session
2020-08-03 18:33:06.269 [https-jsse-nio-8600-exec-10] INFO  com.thyme.system.service.UploadService - 上传图片名为：正大8089bc827bdfca5a2a6.jpg--虚拟文件路径为：/uploadimg/--物理文件路径为：C://Users//Arslinth//Pictures//spriingImg//
2020-08-03 21:43:26.385 [restartedMain] INFO  com.thyme.ThymeBootApplication - Starting ThymeBootApplication on Arslinth-PC with PID 21836 (started by Arslinth in E:\Java project\thyme-boot)
2020-08-03 21:43:26.388 [restartedMain] INFO  com.thyme.ThymeBootApplication - The following profiles are active: dev
2020-08-03 21:43:26.411 [restartedMain] INFO  org.springframework.boot.devtools.env.DevToolsPropertyDefaultsPostProcessor - Devtools property defaults active! Set 'spring.devtools.add-properties' to 'false' to disable
2020-08-03 21:43:26.411 [restartedMain] INFO  org.springframework.boot.devtools.env.DevToolsPropertyDefaultsPostProcessor - For additional web related logging consider setting the 'logging.level.web' property to 'DEBUG'
2020-08-03 21:43:27.150 [restartedMain] INFO  org.springframework.data.repository.config.RepositoryConfigurationDelegate - Multiple Spring Data modules found, entering strict repository configuration mode!
2020-08-03 21:43:27.152 [restartedMain] INFO  org.springframework.data.repository.config.RepositoryConfigurationDelegate - Bootstrapping Spring Data repositories in DEFAULT mode.
2020-08-03 21:43:27.179 [restartedMain] INFO  org.springframework.data.repository.config.RepositoryConfigurationDelegate - Finished Spring Data repository scanning in 21ms. Found 0 repository interfaces.
2020-08-03 21:43:27.403 [restartedMain] INFO  org.springframework.context.support.PostProcessorRegistrationDelegate$BeanPostProcessorChecker - Bean 'redisConfig' of type [com.thyme.system.config.RedisConfig$$EnhancerBySpringCGLIB$$f9c1c0fa] is not eligible for getting processed by all BeanPostProcessors (for example: not eligible for auto-proxying)
2020-08-03 21:43:27.414 [restartedMain] INFO  org.springframework.context.support.PostProcessorRegistrationDelegate$BeanPostProcessorChecker - Bean 'org.springframework.security.config.annotation.configuration.ObjectPostProcessorConfiguration' of type [org.springframework.security.config.annotation.configuration.ObjectPostProcessorConfiguration$$EnhancerBySpringCGLIB$$11b279dd] is not eligible for getting processed by all BeanPostProcessors (for example: not eligible for auto-proxying)
2020-08-03 21:43:27.418 [restartedMain] INFO  org.springframework.context.support.PostProcessorRegistrationDelegate$BeanPostProcessorChecker - Bean 'org.springframework.transaction.annotation.ProxyTransactionManagementConfiguration' of type [org.springframework.transaction.annotation.ProxyTransactionManagementConfiguration$$EnhancerBySpringCGLIB$$7904b1a3] is not eligible for getting processed by all BeanPostProcessors (for example: not eligible for auto-proxying)
2020-08-03 21:43:27.431 [restartedMain] INFO  org.springframework.context.support.PostProcessorRegistrationDelegate$BeanPostProcessorChecker - Bean 'objectPostProcessor' of type [org.springframework.security.config.annotation.configuration.AutowireBeanFactoryObjectPostProcessor] is not eligible for getting processed by all BeanPostProcessors (for example: not eligible for auto-proxying)
2020-08-03 21:43:27.432 [restartedMain] INFO  org.springframework.context.support.PostProcessorRegistrationDelegate$BeanPostProcessorChecker - Bean 'org.springframework.security.access.expression.method.DefaultMethodSecurityExpressionHandler@50328b2' of type [org.springframework.security.access.expression.method.DefaultMethodSecurityExpressionHandler] is not eligible for getting processed by all BeanPostProcessors (for example: not eligible for auto-proxying)
2020-08-03 21:43:27.433 [restartedMain] INFO  org.springframework.context.support.PostProcessorRegistrationDelegate$BeanPostProcessorChecker - Bean 'org.springframework.security.config.annotation.method.configuration.GlobalMethodSecurityConfiguration' of type [org.springframework.security.config.annotation.method.configuration.GlobalMethodSecurityConfiguration$$EnhancerBySpringCGLIB$$36871c8f] is not eligible for getting processed by all BeanPostProcessors (for example: not eligible for auto-proxying)
2020-08-03 21:43:27.434 [restartedMain] INFO  org.springframework.context.support.PostProcessorRegistrationDelegate$BeanPostProcessorChecker - Bean 'methodSecurityMetadataSource' of type [org.springframework.security.access.method.DelegatingMethodSecurityMetadataSource] is not eligible for getting processed by all BeanPostProcessors (for example: not eligible for auto-proxying)
2020-08-03 21:43:27.617 [restartedMain] INFO  org.springframework.boot.web.embedded.tomcat.TomcatWebServer - Tomcat initialized with port(s): 8600 (https)
2020-08-03 21:43:27.626 [restartedMain] INFO  org.apache.coyote.http11.Http11NioProtocol - Initializing ProtocolHandler ["https-jsse-nio-8600"]
2020-08-03 21:43:27.634 [restartedMain] INFO  org.apache.catalina.core.StandardService - Starting service [Tomcat]
2020-08-03 21:43:27.634 [restartedMain] INFO  org.apache.catalina.core.StandardEngine - Starting Servlet engine: [Apache Tomcat/9.0.19]
2020-08-03 21:43:27.695 [restartedMain] INFO  org.apache.catalina.core.ContainerBase.[Tomcat].[localhost].[/Arslinth] - Initializing Spring embedded WebApplicationContext
2020-08-03 21:43:27.695 [restartedMain] INFO  org.springframework.web.context.ContextLoader - Root WebApplicationContext: initialization completed in 1284 ms
2020-08-03 21:43:27.998 [restartedMain] INFO  com.alibaba.druid.spring.boot.autoconfigure.DruidDataSourceAutoConfigure - Init DruidDataSource
2020-08-03 21:43:28.140 [restartedMain] INFO  com.alibaba.druid.pool.DruidDataSource - {dataSource-1} inited
2020-08-03 21:43:28.652 [restartedMain] WARN  com.baomidou.mybatisplus.core.toolkit.TableInfoHelper - Warn: Could not find @TableId in Class: com.thyme.system.entity.SysMenuRole.
2020-08-03 21:43:28.836 [restartedMain] INFO  com.thyme.system.config.filter.XssFilter - 初始化XssFilter过滤器....
2020-08-03 21:43:28.964 [restartedMain] WARN  com.baomidou.mybatisplus.core.toolkit.TableInfoHelper - Warn: Could not find @TableId in Class: com.thyme.system.entity.bussiness.ProductImg.
2020-08-03 21:43:29.086 [restartedMain] WARN  com.baomidou.mybatisplus.core.toolkit.TableInfoHelper - Warn: Could not find @TableId in Class: com.thyme.system.entity.SysUserRole.
2020-08-03 21:43:29.120 [restartedMain] INFO  com.thyme.system.config.RedisConfig - 初始化 -> [Redis CacheErrorHandler]
2020-08-03 21:43:29.187 [restartedMain] INFO  org.springframework.security.web.DefaultSecurityFilterChain - Creating filter chain: any request, [org.springframework.security.web.context.request.async.WebAsyncManagerIntegrationFilter@60cb01bb, org.springframework.security.web.context.SecurityContextPersistenceFilter@26a8025c, org.springframework.security.web.header.HeaderWriterFilter@798b2dec, org.springframework.web.filter.CorsFilter@6d2813de, org.springframework.security.web.authentication.logout.LogoutFilter@200ea9ca, com.thyme.system.config.filter.ValidateCodeFilter@681ea2ab, org.springframework.security.web.authentication.UsernamePasswordAuthenticationFilter@302a183b, org.springframework.security.web.session.ConcurrentSessionFilter@62fbf0a4, org.springframework.security.web.savedrequest.RequestCacheAwareFilter@60723604, org.springframework.security.web.servletapi.SecurityContextHolderAwareRequestFilter@2c9581b5, org.springframework.security.web.authentication.rememberme.RememberMeAuthenticationFilter@39b9f964, org.springframework.security.web.authentication.AnonymousAuthenticationFilter@7b7f0c1c, org.springframework.security.web.session.SessionManagementFilter@367350ad, org.springframework.security.web.access.ExceptionTranslationFilter@7de52393, org.springframework.security.web.access.intercept.FilterSecurityInterceptor@455997]
2020-08-03 21:43:29.300 [restartedMain] INFO  org.springframework.scheduling.concurrent.ThreadPoolTaskExecutor - Initializing ExecutorService 'applicationTaskExecutor'
2020-08-03 21:43:29.408 [restartedMain] INFO  org.springframework.boot.autoconfigure.web.servlet.WelcomePageHandlerMapping - Adding welcome page template: index
2020-08-03 21:43:29.596 [restartedMain] INFO  io.lettuce.core.EpollProvider - Starting without optional epoll library
2020-08-03 21:43:29.597 [restartedMain] INFO  io.lettuce.core.KqueueProvider - Starting without optional kqueue library
2020-08-03 21:43:29.929 [restartedMain] INFO  org.springframework.boot.actuate.endpoint.web.EndpointLinksResolver - Exposing 3 endpoint(s) beneath base path '/actuator'
2020-08-03 21:43:29.995 [restartedMain] INFO  org.springframework.boot.devtools.autoconfigure.OptionalLiveReloadServer - LiveReload server is running on port 35729
2020-08-03 21:43:30.582 [restartedMain] INFO  org.springframework.scheduling.annotation.ScheduledAnnotationBeanPostProcessor - No TaskScheduler/ScheduledExecutorService bean found for scheduled processing
2020-08-03 21:43:30.586 [restartedMain] INFO  org.apache.coyote.http11.Http11NioProtocol - Starting ProtocolHandler ["https-jsse-nio-8600"]
2020-08-03 21:43:30.615 [restartedMain] INFO  org.springframework.boot.web.embedded.tomcat.TomcatWebServer - Tomcat started on port(s): 8600 (https) with context path '/Arslinth'
2020-08-03 21:43:30.617 [restartedMain] INFO  com.thyme.ThymeBootApplication - Started ThymeBootApplication in 4.477 seconds (JVM running for 5.093)
2020-08-03 21:43:31.037 [RMI TCP Connection(3)-192.168.199.155] INFO  org.apache.catalina.core.ContainerBase.[Tomcat].[localhost].[/Arslinth] - Initializing Spring DispatcherServlet 'dispatcherServlet'
2020-08-03 21:43:31.037 [RMI TCP Connection(3)-192.168.199.155] INFO  org.springframework.web.servlet.DispatcherServlet - Initializing Servlet 'dispatcherServlet'
2020-08-03 21:43:31.042 [RMI TCP Connection(3)-192.168.199.155] INFO  org.springframework.web.servlet.DispatcherServlet - Completed initialization in 5 ms
2020-08-03 21:43:47.819 [https-jsse-nio-8600-exec-10] WARN  org.springframework.web.servlet.PageNotFound - No mapping for GET /Arslinth/invalid_session
2020-08-03 21:44:12.201 [restartedMain] INFO  com.thyme.ThymeBootApplication - Starting ThymeBootApplication on Arslinth-PC with PID 26528 (started by Arslinth in E:\Java project\thyme-boot)
2020-08-03 21:44:12.204 [restartedMain] INFO  com.thyme.ThymeBootApplication - The following profiles are active: dev
2020-08-03 21:44:12.227 [restartedMain] INFO  org.springframework.boot.devtools.env.DevToolsPropertyDefaultsPostProcessor - Devtools property defaults active! Set 'spring.devtools.add-properties' to 'false' to disable
2020-08-03 21:44:12.227 [restartedMain] INFO  org.springframework.boot.devtools.env.DevToolsPropertyDefaultsPostProcessor - For additional web related logging consider setting the 'logging.level.web' property to 'DEBUG'
2020-08-03 21:44:13.014 [restartedMain] INFO  org.springframework.data.repository.config.RepositoryConfigurationDelegate - Multiple Spring Data modules found, entering strict repository configuration mode!
2020-08-03 21:44:13.016 [restartedMain] INFO  org.springframework.data.repository.config.RepositoryConfigurationDelegate - Bootstrapping Spring Data repositories in DEFAULT mode.
2020-08-03 21:44:13.050 [restartedMain] INFO  org.springframework.data.repository.config.RepositoryConfigurationDelegate - Finished Spring Data repository scanning in 24ms. Found 0 repository interfaces.
2020-08-03 21:44:13.293 [restartedMain] INFO  org.springframework.context.support.PostProcessorRegistrationDelegate$BeanPostProcessorChecker - Bean 'redisConfig' of type [com.thyme.system.config.RedisConfig$$EnhancerBySpringCGLIB$$1c44dd40] is not eligible for getting processed by all BeanPostProcessors (for example: not eligible for auto-proxying)
2020-08-03 21:44:13.305 [restartedMain] INFO  org.springframework.context.support.PostProcessorRegistrationDelegate$BeanPostProcessorChecker - Bean 'org.springframework.security.config.annotation.configuration.ObjectPostProcessorConfiguration' of type [org.springframework.security.config.annotation.configuration.ObjectPostProcessorConfiguration$$EnhancerBySpringCGLIB$$34359623] is not eligible for getting processed by all BeanPostProcessors (for example: not eligible for auto-proxying)
2020-08-03 21:44:13.313 [restartedMain] INFO  org.springframework.context.support.PostProcessorRegistrationDelegate$BeanPostProcessorChecker - Bean 'org.springframework.transaction.annotation.ProxyTransactionManagementConfiguration' of type [org.springframework.transaction.annotation.ProxyTransactionManagementConfiguration$$EnhancerBySpringCGLIB$$9b87cde9] is not eligible for getting processed by all BeanPostProcessors (for example: not eligible for auto-proxying)
2020-08-03 21:44:13.331 [restartedMain] INFO  org.springframework.context.support.PostProcessorRegistrationDelegate$BeanPostProcessorChecker - Bean 'objectPostProcessor' of type [org.springframework.security.config.annotation.configuration.AutowireBeanFactoryObjectPostProcessor] is not eligible for getting processed by all BeanPostProcessors (for example: not eligible for auto-proxying)
2020-08-03 21:44:13.332 [restartedMain] INFO  org.springframework.context.support.PostProcessorRegistrationDelegate$BeanPostProcessorChecker - Bean 'org.springframework.security.access.expression.method.DefaultMethodSecurityExpressionHandler@17f2b152' of type [org.springframework.security.access.expression.method.DefaultMethodSecurityExpressionHandler] is not eligible for getting processed by all BeanPostProcessors (for example: not eligible for auto-proxying)
2020-08-03 21:44:13.333 [restartedMain] INFO  org.springframework.context.support.PostProcessorRegistrationDelegate$BeanPostProcessorChecker - Bean 'org.springframework.security.config.annotation.method.configuration.GlobalMethodSecurityConfiguration' of type [org.springframework.security.config.annotation.method.configuration.GlobalMethodSecurityConfiguration$$EnhancerBySpringCGLIB$$590a38d5] is not eligible for getting processed by all BeanPostProcessors (for example: not eligible for auto-proxying)
2020-08-03 21:44:13.334 [restartedMain] INFO  org.springframework.context.support.PostProcessorRegistrationDelegate$BeanPostProcessorChecker - Bean 'methodSecurityMetadataSource' of type [org.springframework.security.access.method.DelegatingMethodSecurityMetadataSource] is not eligible for getting processed by all BeanPostProcessors (for example: not eligible for auto-proxying)
2020-08-03 21:44:13.538 [restartedMain] INFO  org.springframework.boot.web.embedded.tomcat.TomcatWebServer - Tomcat initialized with port(s): 8600 (https)
2020-08-03 21:44:13.547 [restartedMain] INFO  org.apache.coyote.http11.Http11NioProtocol - Initializing ProtocolHandler ["https-jsse-nio-8600"]
2020-08-03 21:44:13.555 [restartedMain] INFO  org.apache.catalina.core.StandardService - Starting service [Tomcat]
2020-08-03 21:44:13.556 [restartedMain] INFO  org.apache.catalina.core.StandardEngine - Starting Servlet engine: [Apache Tomcat/9.0.19]
2020-08-03 21:44:13.648 [restartedMain] INFO  org.apache.catalina.core.ContainerBase.[Tomcat].[localhost].[/Arslinth] - Initializing Spring embedded WebApplicationContext
2020-08-03 21:44:13.648 [restartedMain] INFO  org.springframework.web.context.ContextLoader - Root WebApplicationContext: initialization completed in 1421 ms
2020-08-03 21:44:13.981 [restartedMain] INFO  com.alibaba.druid.spring.boot.autoconfigure.DruidDataSourceAutoConfigure - Init DruidDataSource
2020-08-03 21:44:14.135 [restartedMain] INFO  com.alibaba.druid.pool.DruidDataSource - {dataSource-1} inited
2020-08-03 21:44:14.732 [restartedMain] WARN  com.baomidou.mybatisplus.core.toolkit.TableInfoHelper - Warn: Could not find @TableId in Class: com.thyme.system.entity.SysMenuRole.
2020-08-03 21:44:14.936 [restartedMain] INFO  com.thyme.system.config.filter.XssFilter - 初始化XssFilter过滤器....
2020-08-03 21:44:15.101 [restartedMain] WARN  com.baomidou.mybatisplus.core.toolkit.TableInfoHelper - Warn: Could not find @TableId in Class: com.thyme.system.entity.bussiness.ProductImg.
2020-08-03 21:44:15.258 [restartedMain] WARN  com.baomidou.mybatisplus.core.toolkit.TableInfoHelper - Warn: Could not find @TableId in Class: com.thyme.system.entity.SysUserRole.
2020-08-03 21:44:15.300 [restartedMain] INFO  com.thyme.system.config.RedisConfig - 初始化 -> [Redis CacheErrorHandler]
2020-08-03 21:44:15.400 [restartedMain] INFO  org.springframework.security.web.DefaultSecurityFilterChain - Creating filter chain: any request, [org.springframework.security.web.context.request.async.WebAsyncManagerIntegrationFilter@19d082, org.springframework.security.web.context.SecurityContextPersistenceFilter@445c9729, org.springframework.security.web.header.HeaderWriterFilter@1565bc22, org.springframework.web.filter.CorsFilter@7d45f836, org.springframework.security.web.authentication.logout.LogoutFilter@717a4e7a, com.thyme.system.config.filter.ValidateCodeFilter@6a7ecd52, org.springframework.security.web.authentication.UsernamePasswordAuthenticationFilter@5c1c7449, org.springframework.security.web.session.ConcurrentSessionFilter@576b430c, org.springframework.security.web.savedrequest.RequestCacheAwareFilter@4cf2eec0, org.springframework.security.web.servletapi.SecurityContextHolderAwareRequestFilter@1e81c70, org.springframework.security.web.authentication.rememberme.RememberMeAuthenticationFilter@28f17c40, org.springframework.security.web.authentication.AnonymousAuthenticationFilter@7cc8ac4e, org.springframework.security.web.session.SessionManagementFilter@716dbf27, org.springframework.security.web.access.ExceptionTranslationFilter@367b374e, org.springframework.security.web.access.intercept.FilterSecurityInterceptor@6c787cbb]
2020-08-03 21:44:15.513 [restartedMain] INFO  org.springframework.scheduling.concurrent.ThreadPoolTaskExecutor - Initializing ExecutorService 'applicationTaskExecutor'
2020-08-03 21:44:15.632 [restartedMain] INFO  org.springframework.boot.autoconfigure.web.servlet.WelcomePageHandlerMapping - Adding welcome page template: index
2020-08-03 21:44:15.834 [restartedMain] INFO  io.lettuce.core.EpollProvider - Starting without optional epoll library
2020-08-03 21:44:15.835 [restartedMain] INFO  io.lettuce.core.KqueueProvider - Starting without optional kqueue library
2020-08-03 21:44:16.210 [restartedMain] INFO  org.springframework.boot.actuate.endpoint.web.EndpointLinksResolver - Exposing 3 endpoint(s) beneath base path '/actuator'
2020-08-03 21:44:16.277 [restartedMain] INFO  org.springframework.boot.devtools.autoconfigure.OptionalLiveReloadServer - LiveReload server is running on port 35729
2020-08-03 21:44:16.872 [restartedMain] INFO  org.springframework.scheduling.annotation.ScheduledAnnotationBeanPostProcessor - No TaskScheduler/ScheduledExecutorService bean found for scheduled processing
2020-08-03 21:44:16.876 [restartedMain] INFO  org.apache.coyote.http11.Http11NioProtocol - Starting ProtocolHandler ["https-jsse-nio-8600"]
2020-08-03 21:44:16.909 [restartedMain] INFO  org.springframework.boot.web.embedded.tomcat.TomcatWebServer - Tomcat started on port(s): 8600 (https) with context path '/Arslinth'
2020-08-03 21:44:16.911 [restartedMain] INFO  com.thyme.ThymeBootApplication - Started ThymeBootApplication in 4.946 seconds (JVM running for 5.932)
2020-08-03 21:44:17.053 [RMI TCP Connection(4)-192.168.199.155] INFO  org.apache.catalina.core.ContainerBase.[Tomcat].[localhost].[/Arslinth] - Initializing Spring DispatcherServlet 'dispatcherServlet'
2020-08-03 21:44:17.053 [RMI TCP Connection(4)-192.168.199.155] INFO  org.springframework.web.servlet.DispatcherServlet - Initializing Servlet 'dispatcherServlet'
2020-08-03 21:44:17.059 [RMI TCP Connection(4)-192.168.199.155] INFO  org.springframework.web.servlet.DispatcherServlet - Completed initialization in 6 ms
2020-08-03 21:47:58.892 [Thread-12] INFO  org.springframework.scheduling.concurrent.ThreadPoolTaskExecutor - Shutting down ExecutorService 'applicationTaskExecutor'
2020-08-03 21:47:58.897 [Thread-12] INFO  com.alibaba.druid.pool.DruidDataSource - {dataSource-1} closed
2020-08-03 21:48:00.012 [pool-3-thread-1] ERROR org.springframework.scheduling.support.TaskUtils$LoggingErrorHandler - Unexpected error occurred in scheduled task.
org.springframework.data.redis.RedisConnectionFailureException: Unable to connect to Redis; nested exception is io.lettuce.core.RedisConnectionException: Unable to connect to localhost:6379
	at org.springframework.data.redis.connection.lettuce.LettuceConnectionFactory$SharedConnection.getNativeConnection(LettuceConnectionFactory.java:1111) ~[spring-data-redis-2.1.8.RELEASE.jar:2.1.8.RELEASE]
	at org.springframework.data.redis.connection.lettuce.LettuceConnectionFactory$SharedConnection.getConnection(LettuceConnectionFactory.java:1084) ~[spring-data-redis-2.1.8.RELEASE.jar:2.1.8.RELEASE]
	at org.springframework.data.redis.connection.lettuce.LettuceConnectionFactory.getSharedConnection(LettuceConnectionFactory.java:866) ~[spring-data-redis-2.1.8.RELEASE.jar:2.1.8.RELEASE]
	at org.springframework.data.redis.connection.lettuce.LettuceConnectionFactory.getConnection(LettuceConnectionFactory.java:341) ~[spring-data-redis-2.1.8.RELEASE.jar:2.1.8.RELEASE]
	at org.springframework.data.redis.core.RedisConnectionUtils.doGetConnection(RedisConnectionUtils.java:132) ~[spring-data-redis-2.1.8.RELEASE.jar:2.1.8.RELEASE]
	at org.springframework.data.redis.core.RedisConnectionUtils.getConnection(RedisConnectionUtils.java:95) ~[spring-data-redis-2.1.8.RELEASE.jar:2.1.8.RELEASE]
	at org.springframework.data.redis.core.RedisConnectionUtils.getConnection(RedisConnectionUtils.java:82) ~[spring-data-redis-2.1.8.RELEASE.jar:2.1.8.RELEASE]
	at org.springframework.data.redis.core.RedisTemplate.execute(RedisTemplate.java:211) ~[spring-data-redis-2.1.8.RELEASE.jar:2.1.8.RELEASE]
	at org.springframework.data.redis.core.RedisTemplate.execute(RedisTemplate.java:184) ~[spring-data-redis-2.1.8.RELEASE.jar:2.1.8.RELEASE]
	at org.springframework.data.redis.core.AbstractOperations.execute(AbstractOperations.java:95) ~[spring-data-redis-2.1.8.RELEASE.jar:2.1.8.RELEASE]
	at org.springframework.data.redis.core.DefaultSetOperations.members(DefaultSetOperations.java:158) ~[spring-data-redis-2.1.8.RELEASE.jar:2.1.8.RELEASE]
	at org.springframework.data.redis.core.DefaultBoundSetOperations.members(DefaultBoundSetOperations.java:152) ~[spring-data-redis-2.1.8.RELEASE.jar:2.1.8.RELEASE]
	at org.springframework.session.data.redis.RedisSessionExpirationPolicy.cleanExpiredSessions(RedisSessionExpirationPolicy.java:132) ~[spring-session-data-redis-2.1.6.RELEASE.jar:2.1.6.RELEASE]
	at org.springframework.session.data.redis.RedisOperationsSessionRepository.cleanupExpiredSessions(RedisOperationsSessionRepository.java:430) ~[spring-session-data-redis-2.1.6.RELEASE.jar:2.1.6.RELEASE]
	at org.springframework.session.data.redis.config.annotation.web.http.RedisHttpSessionConfiguration.lambda$configureTasks$0(RedisHttpSessionConfiguration.java:248) ~[spring-session-data-redis-2.1.6.RELEASE.jar:2.1.6.RELEASE]
	at org.springframework.scheduling.support.DelegatingErrorHandlingRunnable.run(DelegatingErrorHandlingRunnable.java:54) [spring-context-5.1.7.RELEASE.jar:5.1.7.RELEASE]
	at org.springframework.scheduling.concurrent.ReschedulingRunnable.run(ReschedulingRunnable.java:93) [spring-context-5.1.7.RELEASE.jar:5.1.7.RELEASE]
	at java.util.concurrent.Executors$RunnableAdapter.call(Executors.java:515) [?:?]
	at java.util.concurrent.FutureTask.run$$$capture(FutureTask.java:264) [?:?]
	at java.util.concurrent.FutureTask.run(FutureTask.java) [?:?]
	at java.util.concurrent.ScheduledThreadPoolExecutor$ScheduledFutureTask.run(ScheduledThreadPoolExecutor.java:304) [?:?]
	at java.util.concurrent.ThreadPoolExecutor.runWorker(ThreadPoolExecutor.java:1128) [?:?]
	at java.util.concurrent.ThreadPoolExecutor$Worker.run(ThreadPoolExecutor.java:628) [?:?]
	at java.lang.Thread.run(Thread.java:830) [?:?]
Caused by: io.lettuce.core.RedisConnectionException: Unable to connect to localhost:6379
	at io.lettuce.core.RedisConnectionException.create(RedisConnectionException.java:78) ~[lettuce-core-5.1.6.RELEASE.jar:?]
	at io.lettuce.core.RedisConnectionException.create(RedisConnectionException.java:56) ~[lettuce-core-5.1.6.RELEASE.jar:?]
	at io.lettuce.core.AbstractRedisClient.getConnection(AbstractRedisClient.java:235) ~[lettuce-core-5.1.6.RELEASE.jar:?]
	at io.lettuce.core.RedisClient.connect(RedisClient.java:204) ~[lettuce-core-5.1.6.RELEASE.jar:?]
	at org.springframework.data.redis.connection.lettuce.StandaloneConnectionProvider.lambda$getConnection$1(StandaloneConnectionProvider.java:113) ~[spring-data-redis-2.1.8.RELEASE.jar:2.1.8.RELEASE]
	at java.util.Optional.orElseGet(Optional.java:362) ~[?:?]
	at org.springframework.data.redis.connection.lettuce.StandaloneConnectionProvider.getConnection(StandaloneConnectionProvider.java:113) ~[spring-data-redis-2.1.8.RELEASE.jar:2.1.8.RELEASE]
	at org.springframework.data.redis.connection.lettuce.LettuceConnectionFactory$SharedConnection.getNativeConnection(LettuceConnectionFactory.java:1104) ~[spring-data-redis-2.1.8.RELEASE.jar:2.1.8.RELEASE]
	... 23 more
Caused by: java.lang.IllegalStateException: executor not accepting a task
	at io.netty.resolver.AddressResolverGroup.getResolver(AddressResolverGroup.java:60) ~[netty-resolver-4.1.36.Final.jar:4.1.36.Final]
	at io.netty.bootstrap.Bootstrap.doResolveAndConnect0(Bootstrap.java:200) ~[netty-transport-4.1.36.Final.jar:4.1.36.Final]
	at io.netty.bootstrap.Bootstrap.access$000(Bootstrap.java:49) ~[netty-transport-4.1.36.Final.jar:4.1.36.Final]
	at io.netty.bootstrap.Bootstrap$1.operationComplete(Bootstrap.java:188) ~[netty-transport-4.1.36.Final.jar:4.1.36.Final]
	at io.netty.bootstrap.Bootstrap$1.operationComplete(Bootstrap.java:174) ~[netty-transport-4.1.36.Final.jar:4.1.36.Final]
	at io.netty.util.concurrent.DefaultPromise.notifyListener0(DefaultPromise.java:502) ~[netty-common-4.1.36.Final.jar:4.1.36.Final]
	at io.netty.util.concurrent.DefaultPromise.notifyListenersNow(DefaultPromise.java:476) ~[netty-common-4.1.36.Final.jar:4.1.36.Final]
	at io.netty.util.concurrent.DefaultPromise.notifyListeners(DefaultPromise.java:415) ~[netty-common-4.1.36.Final.jar:4.1.36.Final]
	at io.netty.util.concurrent.DefaultPromise.setValue0(DefaultPromise.java:540) ~[netty-common-4.1.36.Final.jar:4.1.36.Final]
	at io.netty.util.concurrent.DefaultPromise.setSuccess0(DefaultPromise.java:529) ~[netty-common-4.1.36.Final.jar:4.1.36.Final]
	at io.netty.util.concurrent.DefaultPromise.trySuccess(DefaultPromise.java:101) ~[netty-common-4.1.36.Final.jar:4.1.36.Final]
	at io.netty.channel.DefaultChannelPromise.trySuccess(DefaultChannelPromise.java:84) ~[netty-transport-4.1.36.Final.jar:4.1.36.Final]
	at io.netty.channel.AbstractChannel$AbstractUnsafe.safeSetSuccess(AbstractChannel.java:1009) ~[netty-transport-4.1.36.Final.jar:4.1.36.Final]
	at io.netty.channel.AbstractChannel$AbstractUnsafe.register0(AbstractChannel.java:517) ~[netty-transport-4.1.36.Final.jar:4.1.36.Final]
	at io.netty.channel.AbstractChannel$AbstractUnsafe.access$200(AbstractChannel.java:428) ~[netty-transport-4.1.36.Final.jar:4.1.36.Final]
	at io.netty.channel.AbstractChannel$AbstractUnsafe$1.run(AbstractChannel.java:487) ~[netty-transport-4.1.36.Final.jar:4.1.36.Final]
	at io.netty.util.concurrent.AbstractEventExecutor.safeExecute$$$capture(AbstractEventExecutor.java:163) ~[netty-common-4.1.36.Final.jar:4.1.36.Final]
	at io.netty.util.concurrent.AbstractEventExecutor.safeExecute(AbstractEventExecutor.java) ~[netty-common-4.1.36.Final.jar:4.1.36.Final]
	at io.netty.util.concurrent.SingleThreadEventExecutor.runAllTasks(SingleThreadEventExecutor.java:405) ~[netty-common-4.1.36.Final.jar:4.1.36.Final]
	at io.netty.channel.nio.NioEventLoop.run(NioEventLoop.java:500) ~[netty-transport-4.1.36.Final.jar:4.1.36.Final]
	at io.netty.util.concurrent.SingleThreadEventExecutor$5.run(SingleThreadEventExecutor.java:906) ~[netty-common-4.1.36.Final.jar:4.1.36.Final]
	at io.netty.util.internal.ThreadExecutorMap$2.run(ThreadExecutorMap.java:74) ~[netty-common-4.1.36.Final.jar:4.1.36.Final]
	at io.netty.util.concurrent.FastThreadLocalRunnable.run(FastThreadLocalRunnable.java:30) ~[netty-common-4.1.36.Final.jar:4.1.36.Final]
	... 1 more
2020-08-03 21:48:03.998 [restartedMain] INFO  com.thyme.ThymeBootApplication - Starting ThymeBootApplication on Arslinth-PC with PID 22796 (started by Arslinth in E:\Java project\thyme-boot)
2020-08-03 21:48:04.001 [restartedMain] INFO  com.thyme.ThymeBootApplication - The following profiles are active: dev
2020-08-03 21:48:04.026 [restartedMain] INFO  org.springframework.boot.devtools.env.DevToolsPropertyDefaultsPostProcessor - Devtools property defaults active! Set 'spring.devtools.add-properties' to 'false' to disable
2020-08-03 21:48:04.027 [restartedMain] INFO  org.springframework.boot.devtools.env.DevToolsPropertyDefaultsPostProcessor - For additional web related logging consider setting the 'logging.level.web' property to 'DEBUG'
2020-08-03 21:48:04.859 [restartedMain] INFO  org.springframework.data.repository.config.RepositoryConfigurationDelegate - Multiple Spring Data modules found, entering strict repository configuration mode!
2020-08-03 21:48:04.861 [restartedMain] INFO  org.springframework.data.repository.config.RepositoryConfigurationDelegate - Bootstrapping Spring Data repositories in DEFAULT mode.
2020-08-03 21:48:04.895 [restartedMain] INFO  org.springframework.data.repository.config.RepositoryConfigurationDelegate - Finished Spring Data repository scanning in 24ms. Found 0 repository interfaces.
2020-08-03 21:48:05.145 [restartedMain] INFO  org.springframework.context.support.PostProcessorRegistrationDelegate$BeanPostProcessorChecker - Bean 'redisConfig' of type [com.thyme.system.config.RedisConfig$$EnhancerBySpringCGLIB$$323ed555] is not eligible for getting processed by all BeanPostProcessors (for example: not eligible for auto-proxying)
2020-08-03 21:48:05.156 [restartedMain] INFO  org.springframework.context.support.PostProcessorRegistrationDelegate$BeanPostProcessorChecker - Bean 'org.springframework.security.config.annotation.configuration.ObjectPostProcessorConfiguration' of type [org.springframework.security.config.annotation.configuration.ObjectPostProcessorConfiguration$$EnhancerBySpringCGLIB$$4a2f8e38] is not eligible for getting processed by all BeanPostProcessors (for example: not eligible for auto-proxying)
2020-08-03 21:48:05.162 [restartedMain] INFO  org.springframework.context.support.PostProcessorRegistrationDelegate$BeanPostProcessorChecker - Bean 'org.springframework.transaction.annotation.ProxyTransactionManagementConfiguration' of type [org.springframework.transaction.annotation.ProxyTransactionManagementConfiguration$$EnhancerBySpringCGLIB$$b181c5fe] is not eligible for getting processed by all BeanPostProcessors (for example: not eligible for auto-proxying)
2020-08-03 21:48:05.175 [restartedMain] INFO  org.springframework.context.support.PostProcessorRegistrationDelegate$BeanPostProcessorChecker - Bean 'objectPostProcessor' of type [org.springframework.security.config.annotation.configuration.AutowireBeanFactoryObjectPostProcessor] is not eligible for getting processed by all BeanPostProcessors (for example: not eligible for auto-proxying)
2020-08-03 21:48:05.176 [restartedMain] INFO  org.springframework.context.support.PostProcessorRegistrationDelegate$BeanPostProcessorChecker - Bean 'org.springframework.security.access.expression.method.DefaultMethodSecurityExpressionHandler@51ff25fe' of type [org.springframework.security.access.expression.method.DefaultMethodSecurityExpressionHandler] is not eligible for getting processed by all BeanPostProcessors (for example: not eligible for auto-proxying)
2020-08-03 21:48:05.177 [restartedMain] INFO  org.springframework.context.support.PostProcessorRegistrationDelegate$BeanPostProcessorChecker - Bean 'org.springframework.security.config.annotation.method.configuration.GlobalMethodSecurityConfiguration' of type [org.springframework.security.config.annotation.method.configuration.GlobalMethodSecurityConfiguration$$EnhancerBySpringCGLIB$$6f0430ea] is not eligible for getting processed by all BeanPostProcessors (for example: not eligible for auto-proxying)
2020-08-03 21:48:05.178 [restartedMain] INFO  org.springframework.context.support.PostProcessorRegistrationDelegate$BeanPostProcessorChecker - Bean 'methodSecurityMetadataSource' of type [org.springframework.security.access.method.DelegatingMethodSecurityMetadataSource] is not eligible for getting processed by all BeanPostProcessors (for example: not eligible for auto-proxying)
2020-08-03 21:48:05.378 [restartedMain] INFO  org.springframework.boot.web.embedded.tomcat.TomcatWebServer - Tomcat initialized with port(s): 8600 (https)
2020-08-03 21:48:05.387 [restartedMain] INFO  org.apache.coyote.http11.Http11NioProtocol - Initializing ProtocolHandler ["https-jsse-nio-8600"]
2020-08-03 21:48:05.395 [restartedMain] INFO  org.apache.catalina.core.StandardService - Starting service [Tomcat]
2020-08-03 21:48:05.396 [restartedMain] INFO  org.apache.catalina.core.StandardEngine - Starting Servlet engine: [Apache Tomcat/9.0.19]
2020-08-03 21:48:05.484 [restartedMain] INFO  org.apache.catalina.core.ContainerBase.[Tomcat].[localhost].[/Arslinth] - Initializing Spring embedded WebApplicationContext
2020-08-03 21:48:05.485 [restartedMain] INFO  org.springframework.web.context.ContextLoader - Root WebApplicationContext: initialization completed in 1458 ms
2020-08-03 21:48:05.807 [restartedMain] INFO  com.alibaba.druid.spring.boot.autoconfigure.DruidDataSourceAutoConfigure - Init DruidDataSource
2020-08-03 21:48:05.955 [restartedMain] INFO  com.alibaba.druid.pool.DruidDataSource - {dataSource-1} inited
2020-08-03 21:48:06.547 [restartedMain] WARN  com.baomidou.mybatisplus.core.toolkit.TableInfoHelper - Warn: Could not find @TableId in Class: com.thyme.system.entity.SysMenuRole.
2020-08-03 21:48:06.744 [restartedMain] INFO  com.thyme.system.config.filter.XssFilter - 初始化XssFilter过滤器....
2020-08-03 21:48:06.893 [restartedMain] WARN  com.baomidou.mybatisplus.core.toolkit.TableInfoHelper - Warn: Could not find @TableId in Class: com.thyme.system.entity.bussiness.ProductImg.
2020-08-03 21:48:07.046 [restartedMain] WARN  com.baomidou.mybatisplus.core.toolkit.TableInfoHelper - Warn: Could not find @TableId in Class: com.thyme.system.entity.SysUserRole.
2020-08-03 21:48:07.083 [restartedMain] INFO  com.thyme.system.config.RedisConfig - 初始化 -> [Redis CacheErrorHandler]
2020-08-03 21:48:07.156 [restartedMain] INFO  org.springframework.security.web.DefaultSecurityFilterChain - Creating filter chain: any request, [org.springframework.security.web.context.request.async.WebAsyncManagerIntegrationFilter@6076fd71, org.springframework.security.web.context.SecurityContextPersistenceFilter@1d23699c, org.springframework.security.web.header.HeaderWriterFilter@7fb4d45, org.springframework.web.filter.CorsFilter@6ceb604, org.springframework.security.web.authentication.logout.LogoutFilter@702a2c8e, com.thyme.system.config.filter.ValidateCodeFilter@46b65390, org.springframework.security.web.authentication.UsernamePasswordAuthenticationFilter@60f685cc, org.springframework.security.web.session.ConcurrentSessionFilter@75c643c2, org.springframework.security.web.savedrequest.RequestCacheAwareFilter@136e1984, org.springframework.security.web.servletapi.SecurityContextHolderAwareRequestFilter@cbf0fae, org.springframework.security.web.authentication.rememberme.RememberMeAuthenticationFilter@62498700, org.springframework.security.web.authentication.AnonymousAuthenticationFilter@7b8d921f, org.springframework.security.web.session.SessionManagementFilter@767aba6c, org.springframework.security.web.access.ExceptionTranslationFilter@2da00fdf, org.springframework.security.web.access.intercept.FilterSecurityInterceptor@6332a746]
2020-08-03 21:48:07.279 [restartedMain] INFO  org.springframework.scheduling.concurrent.ThreadPoolTaskExecutor - Initializing ExecutorService 'applicationTaskExecutor'
2020-08-03 21:48:07.401 [restartedMain] INFO  org.springframework.boot.autoconfigure.web.servlet.WelcomePageHandlerMapping - Adding welcome page template: index
2020-08-03 21:48:07.608 [restartedMain] INFO  io.lettuce.core.EpollProvider - Starting without optional epoll library
2020-08-03 21:48:07.609 [restartedMain] INFO  io.lettuce.core.KqueueProvider - Starting without optional kqueue library
2020-08-03 21:48:07.982 [restartedMain] INFO  org.springframework.boot.actuate.endpoint.web.EndpointLinksResolver - Exposing 3 endpoint(s) beneath base path '/actuator'
2020-08-03 21:48:08.056 [restartedMain] INFO  org.springframework.boot.devtools.autoconfigure.OptionalLiveReloadServer - LiveReload server is running on port 35729
2020-08-03 21:48:08.652 [restartedMain] INFO  org.springframework.scheduling.annotation.ScheduledAnnotationBeanPostProcessor - No TaskScheduler/ScheduledExecutorService bean found for scheduled processing
2020-08-03 21:48:08.656 [restartedMain] INFO  org.apache.coyote.http11.Http11NioProtocol - Starting ProtocolHandler ["https-jsse-nio-8600"]
2020-08-03 21:48:08.688 [restartedMain] INFO  org.springframework.boot.web.embedded.tomcat.TomcatWebServer - Tomcat started on port(s): 8600 (https) with context path '/Arslinth'
2020-08-03 21:48:08.690 [restartedMain] INFO  com.thyme.ThymeBootApplication - Started ThymeBootApplication in 4.949 seconds (JVM running for 5.661)
2020-08-03 21:48:09.090 [RMI TCP Connection(5)-192.168.199.155] INFO  org.apache.catalina.core.ContainerBase.[Tomcat].[localhost].[/Arslinth] - Initializing Spring DispatcherServlet 'dispatcherServlet'
2020-08-03 21:48:09.090 [RMI TCP Connection(5)-192.168.199.155] INFO  org.springframework.web.servlet.DispatcherServlet - Initializing Servlet 'dispatcherServlet'
2020-08-03 21:48:09.096 [RMI TCP Connection(5)-192.168.199.155] INFO  org.springframework.web.servlet.DispatcherServlet - Completed initialization in 6 ms
2020-08-03 22:46:25.376 [Thread-12] INFO  org.springframework.scheduling.concurrent.ThreadPoolTaskExecutor - Shutting down ExecutorService 'applicationTaskExecutor'
2020-08-03 22:46:25.382 [Thread-12] INFO  com.alibaba.druid.pool.DruidDataSource - {dataSource-1} closed
