2020-08-17 13:59:22.307 [restartedMain] INFO  com.thyme.ThymeBootApplication - Starting ThymeBootApplication on Arslinth-PC with PID 10480 (started by Arslinth in E:\Java project\thyme-boot)
2020-08-17 13:59:22.313 [restartedMain] INFO  com.thyme.ThymeBootApplication - The following profiles are active: dev
2020-08-17 13:59:22.338 [restartedMain] INFO  org.springframework.boot.devtools.env.DevToolsPropertyDefaultsPostProcessor - Devtools property defaults active! Set 'spring.devtools.add-properties' to 'false' to disable
2020-08-17 13:59:22.338 [restartedMain] INFO  org.springframework.boot.devtools.env.DevToolsPropertyDefaultsPostProcessor - For additional web related logging consider setting the 'logging.level.web' property to 'DEBUG'
2020-08-17 13:59:23.138 [restartedMain] INFO  org.springframework.data.repository.config.RepositoryConfigurationDelegate - Multiple Spring Data modules found, entering strict repository configuration mode!
2020-08-17 13:59:23.141 [restartedMain] INFO  org.springframework.data.repository.config.RepositoryConfigurationDelegate - Bootstrapping Spring Data repositories in DEFAULT mode.
2020-08-17 13:59:23.171 [restartedMain] INFO  org.springframework.data.repository.config.RepositoryConfigurationDelegate - Finished Spring Data repository scanning in 22ms. Found 0 repository interfaces.
2020-08-17 13:59:23.433 [restartedMain] INFO  org.springframework.context.support.PostProcessorRegistrationDelegate$BeanPostProcessorChecker - Bean 'redisConfig' of type [com.thyme.system.config.RedisConfig$$EnhancerBySpringCGLIB$$2f2021a4] is not eligible for getting processed by all BeanPostProcessors (for example: not eligible for auto-proxying)
2020-08-17 13:59:23.446 [restartedMain] INFO  org.springframework.context.support.PostProcessorRegistrationDelegate$BeanPostProcessorChecker - Bean 'org.springframework.security.config.annotation.configuration.ObjectPostProcessorConfiguration' of type [org.springframework.security.config.annotation.configuration.ObjectPostProcessorConfiguration$$EnhancerBySpringCGLIB$$4710da87] is not eligible for getting processed by all BeanPostProcessors (for example: not eligible for auto-proxying)
2020-08-17 13:59:23.454 [restartedMain] INFO  org.springframework.context.support.PostProcessorRegistrationDelegate$BeanPostProcessorChecker - Bean 'org.springframework.transaction.annotation.ProxyTransactionManagementConfiguration' of type [org.springframework.transaction.annotation.ProxyTransactionManagementConfiguration$$EnhancerBySpringCGLIB$$ae63124d] is not eligible for getting processed by all BeanPostProcessors (for example: not eligible for auto-proxying)
2020-08-17 13:59:23.466 [restartedMain] INFO  org.springframework.context.support.PostProcessorRegistrationDelegate$BeanPostProcessorChecker - Bean 'objectPostProcessor' of type [org.springframework.security.config.annotation.configuration.AutowireBeanFactoryObjectPostProcessor] is not eligible for getting processed by all BeanPostProcessors (for example: not eligible for auto-proxying)
2020-08-17 13:59:23.468 [restartedMain] INFO  org.springframework.context.support.PostProcessorRegistrationDelegate$BeanPostProcessorChecker - Bean 'org.springframework.security.access.expression.method.DefaultMethodSecurityExpressionHandler@50c5fa08' of type [org.springframework.security.access.expression.method.DefaultMethodSecurityExpressionHandler] is not eligible for getting processed by all BeanPostProcessors (for example: not eligible for auto-proxying)
2020-08-17 13:59:23.471 [restartedMain] INFO  org.springframework.context.support.PostProcessorRegistrationDelegate$BeanPostProcessorChecker - Bean 'org.springframework.security.config.annotation.method.configuration.GlobalMethodSecurityConfiguration' of type [org.springframework.security.config.annotation.method.configuration.GlobalMethodSecurityConfiguration$$EnhancerBySpringCGLIB$$6be57d39] is not eligible for getting processed by all BeanPostProcessors (for example: not eligible for auto-proxying)
2020-08-17 13:59:23.473 [restartedMain] INFO  org.springframework.context.support.PostProcessorRegistrationDelegate$BeanPostProcessorChecker - Bean 'methodSecurityMetadataSource' of type [org.springframework.security.access.method.DelegatingMethodSecurityMetadataSource] is not eligible for getting processed by all BeanPostProcessors (for example: not eligible for auto-proxying)
2020-08-17 13:59:23.709 [restartedMain] INFO  org.springframework.boot.web.embedded.tomcat.TomcatWebServer - Tomcat initialized with port(s): 8600 (https)
2020-08-17 13:59:23.719 [restartedMain] INFO  org.apache.coyote.http11.Http11NioProtocol - Initializing ProtocolHandler ["https-jsse-nio-8600"]
2020-08-17 13:59:23.728 [restartedMain] INFO  org.apache.catalina.core.StandardService - Starting service [Tomcat]
2020-08-17 13:59:23.729 [restartedMain] INFO  org.apache.catalina.core.StandardEngine - Starting Servlet engine: [Apache Tomcat/9.0.19]
2020-08-17 13:59:23.798 [restartedMain] INFO  org.apache.catalina.core.ContainerBase.[Tomcat].[localhost].[/Arslinth] - Initializing Spring embedded WebApplicationContext
2020-08-17 13:59:23.798 [restartedMain] INFO  org.springframework.web.context.ContextLoader - Root WebApplicationContext: initialization completed in 1460 ms
2020-08-17 13:59:24.159 [restartedMain] INFO  com.alibaba.druid.spring.boot.autoconfigure.DruidDataSourceAutoConfigure - Init DruidDataSource
2020-08-17 13:59:24.314 [restartedMain] INFO  com.alibaba.druid.pool.DruidDataSource - {dataSource-1} inited
2020-08-17 13:59:25.054 [restartedMain] WARN  com.baomidou.mybatisplus.core.toolkit.TableInfoHelper - Warn: Could not find @TableId in Class: com.thyme.system.entity.SysMenuRole.
2020-08-17 13:59:25.232 [restartedMain] INFO  com.thyme.system.config.filter.XssFilter - 初始化XssFilter过滤器....
2020-08-17 13:59:25.358 [restartedMain] WARN  com.baomidou.mybatisplus.core.toolkit.TableInfoHelper - Warn: Could not find @TableId in Class: com.thyme.system.entity.bussiness.ProductImg.
2020-08-17 13:59:25.480 [restartedMain] WARN  com.baomidou.mybatisplus.core.toolkit.TableInfoHelper - Warn: Could not find @TableId in Class: com.thyme.system.entity.SysUserRole.
2020-08-17 13:59:25.515 [restartedMain] INFO  com.thyme.system.config.RedisConfig - 初始化 -> [Redis CacheErrorHandler]
2020-08-17 13:59:25.588 [restartedMain] INFO  org.springframework.security.web.DefaultSecurityFilterChain - Creating filter chain: any request, [org.springframework.security.web.context.request.async.WebAsyncManagerIntegrationFilter@1a896648, org.springframework.security.web.context.SecurityContextPersistenceFilter@3c7f93f4, org.springframework.security.web.header.HeaderWriterFilter@11830e47, org.springframework.web.filter.CorsFilter@3d8f3ba8, org.springframework.security.web.authentication.logout.LogoutFilter@6ea52292, com.thyme.system.config.filter.ValidateCodeFilter@6361e632, org.springframework.security.web.authentication.UsernamePasswordAuthenticationFilter@2c08486a, org.springframework.security.web.session.ConcurrentSessionFilter@62de1ede, org.springframework.security.web.savedrequest.RequestCacheAwareFilter@e01f87d, org.springframework.security.web.servletapi.SecurityContextHolderAwareRequestFilter@5f57daac, org.springframework.security.web.authentication.rememberme.RememberMeAuthenticationFilter@59b05a86, org.springframework.security.web.authentication.AnonymousAuthenticationFilter@74d0a096, org.springframework.security.web.session.SessionManagementFilter@11e4b86b, org.springframework.security.web.access.ExceptionTranslationFilter@79b55392, org.springframework.security.web.access.intercept.FilterSecurityInterceptor@5c1fbfa9]
2020-08-17 13:59:25.696 [restartedMain] INFO  org.springframework.scheduling.concurrent.ThreadPoolTaskExecutor - Initializing ExecutorService 'applicationTaskExecutor'
2020-08-17 13:59:25.814 [restartedMain] INFO  org.springframework.boot.autoconfigure.web.servlet.WelcomePageHandlerMapping - Adding welcome page template: index
2020-08-17 13:59:26.001 [restartedMain] INFO  io.lettuce.core.EpollProvider - Starting without optional epoll library
2020-08-17 13:59:26.001 [restartedMain] INFO  io.lettuce.core.KqueueProvider - Starting without optional kqueue library
2020-08-17 13:59:26.294 [restartedMain] WARN  org.springframework.boot.web.servlet.context.AnnotationConfigServletWebServerApplicationContext - Exception encountered during context initialization - cancelling refresh attempt: org.springframework.beans.factory.BeanCreationException: Error creating bean with name 'enableRedisKeyspaceNotificationsInitializer' defined in class path resource [org/springframework/boot/autoconfigure/session/RedisSessionConfiguration$SpringBootRedisHttpSessionConfiguration.class]: Invocation of init method failed; nested exception is org.springframework.data.redis.RedisConnectionFailureException: Unable to connect to Redis; nested exception is io.lettuce.core.RedisConnectionException: Unable to connect to localhost:6379
2020-08-17 13:59:26.295 [restartedMain] INFO  org.springframework.scheduling.concurrent.ThreadPoolTaskExecutor - Shutting down ExecutorService 'applicationTaskExecutor'
2020-08-17 13:59:26.301 [restartedMain] INFO  com.alibaba.druid.pool.DruidDataSource - {dataSource-1} closed
2020-08-17 13:59:27.413 [restartedMain] INFO  org.apache.catalina.core.StandardService - Stopping service [Tomcat]
2020-08-17 13:59:27.428 [restartedMain] INFO  org.springframework.boot.autoconfigure.logging.ConditionEvaluationReportLoggingListener - 

Error starting ApplicationContext. To display the conditions report re-run your application with 'debug' enabled.
2020-08-17 13:59:27.432 [restartedMain] ERROR org.springframework.boot.SpringApplication - Application run failed
org.springframework.beans.factory.BeanCreationException: Error creating bean with name 'enableRedisKeyspaceNotificationsInitializer' defined in class path resource [org/springframework/boot/autoconfigure/session/RedisSessionConfiguration$SpringBootRedisHttpSessionConfiguration.class]: Invocation of init method failed; nested exception is org.springframework.data.redis.RedisConnectionFailureException: Unable to connect to Redis; nested exception is io.lettuce.core.RedisConnectionException: Unable to connect to localhost:6379
	at org.springframework.beans.factory.support.AbstractAutowireCapableBeanFactory.initializeBean(AbstractAutowireCapableBeanFactory.java:1778) ~[spring-beans-5.1.7.RELEASE.jar:5.1.7.RELEASE]
	at org.springframework.beans.factory.support.AbstractAutowireCapableBeanFactory.doCreateBean(AbstractAutowireCapableBeanFactory.java:593) ~[spring-beans-5.1.7.RELEASE.jar:5.1.7.RELEASE]
	at org.springframework.beans.factory.support.AbstractAutowireCapableBeanFactory.createBean(AbstractAutowireCapableBeanFactory.java:515) ~[spring-beans-5.1.7.RELEASE.jar:5.1.7.RELEASE]
	at org.springframework.beans.factory.support.AbstractBeanFactory.lambda$doGetBean$0(AbstractBeanFactory.java:320) ~[spring-beans-5.1.7.RELEASE.jar:5.1.7.RELEASE]
	at org.springframework.beans.factory.support.DefaultSingletonBeanRegistry.getSingleton(DefaultSingletonBeanRegistry.java:222) ~[spring-beans-5.1.7.RELEASE.jar:5.1.7.RELEASE]
	at org.springframework.beans.factory.support.AbstractBeanFactory.doGetBean(AbstractBeanFactory.java:318) ~[spring-beans-5.1.7.RELEASE.jar:5.1.7.RELEASE]
	at org.springframework.beans.factory.support.AbstractBeanFactory.getBean(AbstractBeanFactory.java:199) ~[spring-beans-5.1.7.RELEASE.jar:5.1.7.RELEASE]
	at org.springframework.beans.factory.support.DefaultListableBeanFactory.preInstantiateSingletons(DefaultListableBeanFactory.java:843) ~[spring-beans-5.1.7.RELEASE.jar:5.1.7.RELEASE]
	at org.springframework.context.support.AbstractApplicationContext.finishBeanFactoryInitialization(AbstractApplicationContext.java:877) ~[spring-context-5.1.7.RELEASE.jar:5.1.7.RELEASE]
	at org.springframework.context.support.AbstractApplicationContext.refresh(AbstractApplicationContext.java:549) ~[spring-context-5.1.7.RELEASE.jar:5.1.7.RELEASE]
	at org.springframework.boot.web.servlet.context.ServletWebServerApplicationContext.refresh(ServletWebServerApplicationContext.java:142) ~[spring-boot-2.1.5.RELEASE.jar:2.1.5.RELEASE]
	at org.springframework.boot.SpringApplication.refresh(SpringApplication.java:775) [spring-boot-2.1.5.RELEASE.jar:2.1.5.RELEASE]
	at org.springframework.boot.SpringApplication.refreshContext(SpringApplication.java:397) [spring-boot-2.1.5.RELEASE.jar:2.1.5.RELEASE]
	at org.springframework.boot.SpringApplication.run(SpringApplication.java:316) [spring-boot-2.1.5.RELEASE.jar:2.1.5.RELEASE]
	at org.springframework.boot.SpringApplication.run(SpringApplication.java:1260) [spring-boot-2.1.5.RELEASE.jar:2.1.5.RELEASE]
	at org.springframework.boot.SpringApplication.run(SpringApplication.java:1248) [spring-boot-2.1.5.RELEASE.jar:2.1.5.RELEASE]
	at com.thyme.ThymeBootApplication.main(ThymeBootApplication.java:17) [classes/:?]
	at jdk.internal.reflect.NativeMethodAccessorImpl.invoke0(Native Method) ~[?:?]
	at jdk.internal.reflect.NativeMethodAccessorImpl.invoke(NativeMethodAccessorImpl.java:62) ~[?:?]
	at jdk.internal.reflect.DelegatingMethodAccessorImpl.invoke(DelegatingMethodAccessorImpl.java:43) ~[?:?]
	at java.lang.reflect.Method.invoke(Method.java:567) ~[?:?]
	at org.springframework.boot.devtools.restart.RestartLauncher.run(RestartLauncher.java:49) [spring-boot-devtools-2.1.5.RELEASE.jar:2.1.5.RELEASE]
Caused by: org.springframework.data.redis.RedisConnectionFailureException: Unable to connect to Redis; nested exception is io.lettuce.core.RedisConnectionException: Unable to connect to localhost:6379
	at org.springframework.data.redis.connection.lettuce.LettuceConnectionFactory$SharedConnection.getNativeConnection(LettuceConnectionFactory.java:1111) ~[spring-data-redis-2.1.8.RELEASE.jar:2.1.8.RELEASE]
	at org.springframework.data.redis.connection.lettuce.LettuceConnectionFactory$SharedConnection.getConnection(LettuceConnectionFactory.java:1084) ~[spring-data-redis-2.1.8.RELEASE.jar:2.1.8.RELEASE]
	at org.springframework.data.redis.connection.lettuce.LettuceConnectionFactory.getSharedConnection(LettuceConnectionFactory.java:866) ~[spring-data-redis-2.1.8.RELEASE.jar:2.1.8.RELEASE]
	at org.springframework.data.redis.connection.lettuce.LettuceConnectionFactory.getConnection(LettuceConnectionFactory.java:341) ~[spring-data-redis-2.1.8.RELEASE.jar:2.1.8.RELEASE]
	at org.springframework.session.data.redis.config.annotation.web.http.RedisHttpSessionConfiguration$EnableRedisKeyspaceNotificationsInitializer.afterPropertiesSet(RedisHttpSessionConfiguration.java:302) ~[spring-session-data-redis-2.1.6.RELEASE.jar:2.1.6.RELEASE]
	at org.springframework.beans.factory.support.AbstractAutowireCapableBeanFactory.invokeInitMethods(AbstractAutowireCapableBeanFactory.java:1837) ~[spring-beans-5.1.7.RELEASE.jar:5.1.7.RELEASE]
	at org.springframework.beans.factory.support.AbstractAutowireCapableBeanFactory.initializeBean(AbstractAutowireCapableBeanFactory.java:1774) ~[spring-beans-5.1.7.RELEASE.jar:5.1.7.RELEASE]
	... 21 more
Caused by: io.lettuce.core.RedisConnectionException: Unable to connect to localhost:6379
	at io.lettuce.core.RedisConnectionException.create(RedisConnectionException.java:78) ~[lettuce-core-5.1.6.RELEASE.jar:?]
	at io.lettuce.core.RedisConnectionException.create(RedisConnectionException.java:56) ~[lettuce-core-5.1.6.RELEASE.jar:?]
	at io.lettuce.core.AbstractRedisClient.getConnection(AbstractRedisClient.java:235) ~[lettuce-core-5.1.6.RELEASE.jar:?]
	at io.lettuce.core.RedisClient.connect(RedisClient.java:204) ~[lettuce-core-5.1.6.RELEASE.jar:?]
	at org.springframework.data.redis.connection.lettuce.StandaloneConnectionProvider.lambda$getConnection$1(StandaloneConnectionProvider.java:113) ~[spring-data-redis-2.1.8.RELEASE.jar:2.1.8.RELEASE]
	at java.util.Optional.orElseGet(Optional.java:362) ~[?:?]
	at org.springframework.data.redis.connection.lettuce.StandaloneConnectionProvider.getConnection(StandaloneConnectionProvider.java:113) ~[spring-data-redis-2.1.8.RELEASE.jar:2.1.8.RELEASE]
	at org.springframework.data.redis.connection.lettuce.LettuceConnectionFactory$SharedConnection.getNativeConnection(LettuceConnectionFactory.java:1104) ~[spring-data-redis-2.1.8.RELEASE.jar:2.1.8.RELEASE]
	at org.springframework.data.redis.connection.lettuce.LettuceConnectionFactory$SharedConnection.getConnection(LettuceConnectionFactory.java:1084) ~[spring-data-redis-2.1.8.RELEASE.jar:2.1.8.RELEASE]
	at org.springframework.data.redis.connection.lettuce.LettuceConnectionFactory.getSharedConnection(LettuceConnectionFactory.java:866) ~[spring-data-redis-2.1.8.RELEASE.jar:2.1.8.RELEASE]
	at org.springframework.data.redis.connection.lettuce.LettuceConnectionFactory.getConnection(LettuceConnectionFactory.java:341) ~[spring-data-redis-2.1.8.RELEASE.jar:2.1.8.RELEASE]
	at org.springframework.session.data.redis.config.annotation.web.http.RedisHttpSessionConfiguration$EnableRedisKeyspaceNotificationsInitializer.afterPropertiesSet(RedisHttpSessionConfiguration.java:302) ~[spring-session-data-redis-2.1.6.RELEASE.jar:2.1.6.RELEASE]
	at org.springframework.beans.factory.support.AbstractAutowireCapableBeanFactory.invokeInitMethods(AbstractAutowireCapableBeanFactory.java:1837) ~[spring-beans-5.1.7.RELEASE.jar:5.1.7.RELEASE]
	at org.springframework.beans.factory.support.AbstractAutowireCapableBeanFactory.initializeBean(AbstractAutowireCapableBeanFactory.java:1774) ~[spring-beans-5.1.7.RELEASE.jar:5.1.7.RELEASE]
	... 21 more
Caused by: io.lettuce.core.RedisCommandExecutionException: ERR invalid password
	at io.lettuce.core.ExceptionFactory.createExecutionException(ExceptionFactory.java:135) ~[lettuce-core-5.1.6.RELEASE.jar:?]
	at io.lettuce.core.ExceptionFactory.createExecutionException(ExceptionFactory.java:108) ~[lettuce-core-5.1.6.RELEASE.jar:?]
	at io.lettuce.core.protocol.AsyncCommand.completeResult(AsyncCommand.java:120) ~[lettuce-core-5.1.6.RELEASE.jar:?]
	at io.lettuce.core.protocol.AsyncCommand.complete(AsyncCommand.java:111) ~[lettuce-core-5.1.6.RELEASE.jar:?]
	at io.lettuce.core.protocol.CommandWrapper.complete(CommandWrapper.java:59) ~[lettuce-core-5.1.6.RELEASE.jar:?]
	at io.lettuce.core.protocol.CommandHandler.complete(CommandHandler.java:646) ~[lettuce-core-5.1.6.RELEASE.jar:?]
	at io.lettuce.core.protocol.CommandHandler.decode(CommandHandler.java:604) ~[lettuce-core-5.1.6.RELEASE.jar:?]
	at io.lettuce.core.protocol.CommandHandler.channelRead(CommandHandler.java:556) ~[lettuce-core-5.1.6.RELEASE.jar:?]
	at io.netty.channel.AbstractChannelHandlerContext.invokeChannelRead(AbstractChannelHandlerContext.java:374) ~[netty-transport-4.1.36.Final.jar:4.1.36.Final]
	at io.netty.channel.AbstractChannelHandlerContext.invokeChannelRead(AbstractChannelHandlerContext.java:360) ~[netty-transport-4.1.36.Final.jar:4.1.36.Final]
	at io.netty.channel.AbstractChannelHandlerContext.fireChannelRead(AbstractChannelHandlerContext.java:352) ~[netty-transport-4.1.36.Final.jar:4.1.36.Final]
	at io.netty.channel.DefaultChannelPipeline$HeadContext.channelRead(DefaultChannelPipeline.java:1408) ~[netty-transport-4.1.36.Final.jar:4.1.36.Final]
	at io.netty.channel.AbstractChannelHandlerContext.invokeChannelRead(AbstractChannelHandlerContext.java:374) ~[netty-transport-4.1.36.Final.jar:4.1.36.Final]
	at io.netty.channel.AbstractChannelHandlerContext.invokeChannelRead(AbstractChannelHandlerContext.java:360) ~[netty-transport-4.1.36.Final.jar:4.1.36.Final]
	at io.netty.channel.DefaultChannelPipeline.fireChannelRead(DefaultChannelPipeline.java:930) ~[netty-transport-4.1.36.Final.jar:4.1.36.Final]
	at io.netty.channel.nio.AbstractNioByteChannel$NioByteUnsafe.read(AbstractNioByteChannel.java:163) ~[netty-transport-4.1.36.Final.jar:4.1.36.Final]
	at io.netty.channel.nio.NioEventLoop.processSelectedKey(NioEventLoop.java:682) ~[netty-transport-4.1.36.Final.jar:4.1.36.Final]
	at io.netty.channel.nio.NioEventLoop.processSelectedKeysOptimized(NioEventLoop.java:617) ~[netty-transport-4.1.36.Final.jar:4.1.36.Final]
	at io.netty.channel.nio.NioEventLoop.processSelectedKeys(NioEventLoop.java:534) ~[netty-transport-4.1.36.Final.jar:4.1.36.Final]
	at io.netty.channel.nio.NioEventLoop.run(NioEventLoop.java:496) ~[netty-transport-4.1.36.Final.jar:4.1.36.Final]
	at io.netty.util.concurrent.SingleThreadEventExecutor$5.run(SingleThreadEventExecutor.java:906) ~[netty-common-4.1.36.Final.jar:4.1.36.Final]
	at io.netty.util.internal.ThreadExecutorMap$2.run(ThreadExecutorMap.java:74) ~[netty-common-4.1.36.Final.jar:4.1.36.Final]
	at io.netty.util.concurrent.FastThreadLocalRunnable.run(FastThreadLocalRunnable.java:30) ~[netty-common-4.1.36.Final.jar:4.1.36.Final]
	at java.lang.Thread.run(Thread.java:830) ~[?:?]
2020-08-17 14:03:22.786 [restartedMain] INFO  com.thyme.ThymeBootApplication - Starting ThymeBootApplication on Arslinth-PC with PID 14204 (started by Arslinth in E:\Java project\thyme-boot)
2020-08-17 14:03:22.789 [restartedMain] INFO  com.thyme.ThymeBootApplication - The following profiles are active: dev
2020-08-17 14:03:22.811 [restartedMain] INFO  org.springframework.boot.devtools.env.DevToolsPropertyDefaultsPostProcessor - Devtools property defaults active! Set 'spring.devtools.add-properties' to 'false' to disable
2020-08-17 14:03:22.812 [restartedMain] INFO  org.springframework.boot.devtools.env.DevToolsPropertyDefaultsPostProcessor - For additional web related logging consider setting the 'logging.level.web' property to 'DEBUG'
2020-08-17 14:03:23.449 [restartedMain] INFO  org.springframework.data.repository.config.RepositoryConfigurationDelegate - Multiple Spring Data modules found, entering strict repository configuration mode!
2020-08-17 14:03:23.451 [restartedMain] INFO  org.springframework.data.repository.config.RepositoryConfigurationDelegate - Bootstrapping Spring Data repositories in DEFAULT mode.
2020-08-17 14:03:23.478 [restartedMain] INFO  org.springframework.data.repository.config.RepositoryConfigurationDelegate - Finished Spring Data repository scanning in 21ms. Found 0 repository interfaces.
2020-08-17 14:03:23.700 [restartedMain] INFO  org.springframework.context.support.PostProcessorRegistrationDelegate$BeanPostProcessorChecker - Bean 'redisConfig' of type [com.thyme.system.config.RedisConfig$$EnhancerBySpringCGLIB$$a65d5b16] is not eligible for getting processed by all BeanPostProcessors (for example: not eligible for auto-proxying)
2020-08-17 14:03:23.711 [restartedMain] INFO  org.springframework.context.support.PostProcessorRegistrationDelegate$BeanPostProcessorChecker - Bean 'org.springframework.security.config.annotation.configuration.ObjectPostProcessorConfiguration' of type [org.springframework.security.config.annotation.configuration.ObjectPostProcessorConfiguration$$EnhancerBySpringCGLIB$$be4e13f9] is not eligible for getting processed by all BeanPostProcessors (for example: not eligible for auto-proxying)
2020-08-17 14:03:23.715 [restartedMain] INFO  org.springframework.context.support.PostProcessorRegistrationDelegate$BeanPostProcessorChecker - Bean 'org.springframework.transaction.annotation.ProxyTransactionManagementConfiguration' of type [org.springframework.transaction.annotation.ProxyTransactionManagementConfiguration$$EnhancerBySpringCGLIB$$25a04bbf] is not eligible for getting processed by all BeanPostProcessors (for example: not eligible for auto-proxying)
2020-08-17 14:03:23.725 [restartedMain] INFO  org.springframework.context.support.PostProcessorRegistrationDelegate$BeanPostProcessorChecker - Bean 'objectPostProcessor' of type [org.springframework.security.config.annotation.configuration.AutowireBeanFactoryObjectPostProcessor] is not eligible for getting processed by all BeanPostProcessors (for example: not eligible for auto-proxying)
2020-08-17 14:03:23.726 [restartedMain] INFO  org.springframework.context.support.PostProcessorRegistrationDelegate$BeanPostProcessorChecker - Bean 'org.springframework.security.access.expression.method.DefaultMethodSecurityExpressionHandler@563f0a5c' of type [org.springframework.security.access.expression.method.DefaultMethodSecurityExpressionHandler] is not eligible for getting processed by all BeanPostProcessors (for example: not eligible for auto-proxying)
2020-08-17 14:03:23.726 [restartedMain] INFO  org.springframework.context.support.PostProcessorRegistrationDelegate$BeanPostProcessorChecker - Bean 'org.springframework.security.config.annotation.method.configuration.GlobalMethodSecurityConfiguration' of type [org.springframework.security.config.annotation.method.configuration.GlobalMethodSecurityConfiguration$$EnhancerBySpringCGLIB$$e322b6ab] is not eligible for getting processed by all BeanPostProcessors (for example: not eligible for auto-proxying)
2020-08-17 14:03:23.728 [restartedMain] INFO  org.springframework.context.support.PostProcessorRegistrationDelegate$BeanPostProcessorChecker - Bean 'methodSecurityMetadataSource' of type [org.springframework.security.access.method.DelegatingMethodSecurityMetadataSource] is not eligible for getting processed by all BeanPostProcessors (for example: not eligible for auto-proxying)
2020-08-17 14:03:23.908 [restartedMain] INFO  org.springframework.boot.web.embedded.tomcat.TomcatWebServer - Tomcat initialized with port(s): 8600 (https)
2020-08-17 14:03:23.916 [restartedMain] INFO  org.apache.coyote.http11.Http11NioProtocol - Initializing ProtocolHandler ["https-jsse-nio-8600"]
2020-08-17 14:03:23.923 [restartedMain] INFO  org.apache.catalina.core.StandardService - Starting service [Tomcat]
2020-08-17 14:03:23.923 [restartedMain] INFO  org.apache.catalina.core.StandardEngine - Starting Servlet engine: [Apache Tomcat/9.0.19]
2020-08-17 14:03:23.985 [restartedMain] INFO  org.apache.catalina.core.ContainerBase.[Tomcat].[localhost].[/Arslinth] - Initializing Spring embedded WebApplicationContext
2020-08-17 14:03:23.985 [restartedMain] INFO  org.springframework.web.context.ContextLoader - Root WebApplicationContext: initialization completed in 1173 ms
2020-08-17 14:03:24.294 [restartedMain] INFO  com.alibaba.druid.spring.boot.autoconfigure.DruidDataSourceAutoConfigure - Init DruidDataSource
2020-08-17 14:03:24.435 [restartedMain] INFO  com.alibaba.druid.pool.DruidDataSource - {dataSource-1} inited
2020-08-17 14:03:24.957 [restartedMain] WARN  com.baomidou.mybatisplus.core.toolkit.TableInfoHelper - Warn: Could not find @TableId in Class: com.thyme.system.entity.SysMenuRole.
2020-08-17 14:03:25.134 [restartedMain] INFO  com.thyme.system.config.filter.XssFilter - 初始化XssFilter过滤器....
2020-08-17 14:03:25.259 [restartedMain] WARN  com.baomidou.mybatisplus.core.toolkit.TableInfoHelper - Warn: Could not find @TableId in Class: com.thyme.system.entity.bussiness.ProductImg.
2020-08-17 14:03:25.379 [restartedMain] WARN  com.baomidou.mybatisplus.core.toolkit.TableInfoHelper - Warn: Could not find @TableId in Class: com.thyme.system.entity.SysUserRole.
2020-08-17 14:03:25.414 [restartedMain] INFO  com.thyme.system.config.RedisConfig - 初始化 -> [Redis CacheErrorHandler]
2020-08-17 14:03:25.481 [restartedMain] INFO  org.springframework.security.web.DefaultSecurityFilterChain - Creating filter chain: any request, [org.springframework.security.web.context.request.async.WebAsyncManagerIntegrationFilter@2b54a209, org.springframework.security.web.context.SecurityContextPersistenceFilter@3bbf3c39, org.springframework.security.web.header.HeaderWriterFilter@2f77d7e2, org.springframework.web.filter.CorsFilter@f2d26cb, org.springframework.security.web.authentication.logout.LogoutFilter@136d5fd7, com.thyme.system.config.filter.ValidateCodeFilter@399d3f5f, org.springframework.security.web.authentication.UsernamePasswordAuthenticationFilter@6d9e3137, org.springframework.security.web.session.ConcurrentSessionFilter@5493e54c, org.springframework.security.web.savedrequest.RequestCacheAwareFilter@32ac22bf, org.springframework.security.web.servletapi.SecurityContextHolderAwareRequestFilter@7c9e599b, org.springframework.security.web.authentication.rememberme.RememberMeAuthenticationFilter@152fcb7c, org.springframework.security.web.authentication.AnonymousAuthenticationFilter@684e6bab, org.springframework.security.web.session.SessionManagementFilter@57f4cb89, org.springframework.security.web.access.ExceptionTranslationFilter@721e0dd0, org.springframework.security.web.access.intercept.FilterSecurityInterceptor@322b00e4]
2020-08-17 14:03:25.581 [restartedMain] INFO  org.springframework.scheduling.concurrent.ThreadPoolTaskExecutor - Initializing ExecutorService 'applicationTaskExecutor'
2020-08-17 14:03:25.692 [restartedMain] INFO  org.springframework.boot.autoconfigure.web.servlet.WelcomePageHandlerMapping - Adding welcome page template: index
2020-08-17 14:03:25.866 [restartedMain] INFO  io.lettuce.core.EpollProvider - Starting without optional epoll library
2020-08-17 14:03:25.867 [restartedMain] INFO  io.lettuce.core.KqueueProvider - Starting without optional kqueue library
2020-08-17 14:03:26.204 [restartedMain] INFO  org.springframework.boot.actuate.endpoint.web.EndpointLinksResolver - Exposing 3 endpoint(s) beneath base path '/actuator'
2020-08-17 14:03:26.277 [restartedMain] INFO  org.springframework.boot.devtools.autoconfigure.OptionalLiveReloadServer - LiveReload server is running on port 35729
2020-08-17 14:03:26.866 [restartedMain] INFO  org.springframework.scheduling.annotation.ScheduledAnnotationBeanPostProcessor - No TaskScheduler/ScheduledExecutorService bean found for scheduled processing
2020-08-17 14:03:26.870 [restartedMain] INFO  org.apache.coyote.http11.Http11NioProtocol - Starting ProtocolHandler ["https-jsse-nio-8600"]
2020-08-17 14:03:26.991 [restartedMain] INFO  org.springframework.boot.web.embedded.tomcat.TomcatWebServer - Tomcat started on port(s): 8600 (https) with context path '/Arslinth'
2020-08-17 14:03:26.993 [restartedMain] INFO  com.thyme.ThymeBootApplication - Started ThymeBootApplication in 4.441 seconds (JVM running for 4.987)
2020-08-17 14:03:27.214 [RMI TCP Connection(2)-192.168.199.155] INFO  org.apache.catalina.core.ContainerBase.[Tomcat].[localhost].[/Arslinth] - Initializing Spring DispatcherServlet 'dispatcherServlet'
2020-08-17 14:03:27.215 [RMI TCP Connection(2)-192.168.199.155] INFO  org.springframework.web.servlet.DispatcherServlet - Initializing Servlet 'dispatcherServlet'
2020-08-17 14:03:27.221 [RMI TCP Connection(2)-192.168.199.155] INFO  org.springframework.web.servlet.DispatcherServlet - Completed initialization in 6 ms
