2020-08-20 17:58:16.362 [restartedMain] INFO  com.thyme.ThymeBootApplication - Starting ThymeBootApplication on Arslinth-PC with PID 5080 (started by Arslinth in E:\Java project\thyme-boot)
2020-08-20 17:58:16.369 [restartedMain] INFO  com.thyme.ThymeBootApplication - The following profiles are active: dev
2020-08-20 17:58:16.401 [restartedMain] INFO  org.springframework.boot.devtools.env.DevToolsPropertyDefaultsPostProcessor - Devtools property defaults active! Set 'spring.devtools.add-properties' to 'false' to disable
2020-08-20 17:58:16.402 [restartedMain] INFO  org.springframework.boot.devtools.env.DevToolsPropertyDefaultsPostProcessor - For additional web related logging consider setting the 'logging.level.web' property to 'DEBUG'
2020-08-20 17:58:17.266 [restartedMain] INFO  org.springframework.data.repository.config.RepositoryConfigurationDelegate - Multiple Spring Data modules found, entering strict repository configuration mode!
2020-08-20 17:58:17.270 [restartedMain] INFO  org.springframework.data.repository.config.RepositoryConfigurationDelegate - Bootstrapping Spring Data repositories in DEFAULT mode.
2020-08-20 17:58:17.311 [restartedMain] INFO  org.springframework.data.repository.config.RepositoryConfigurationDelegate - Finished Spring Data repository scanning in 30ms. Found 0 repository interfaces.
2020-08-20 17:58:17.556 [restartedMain] INFO  org.springframework.context.support.PostProcessorRegistrationDelegate$BeanPostProcessorChecker - Bean 'redisConfig' of type [com.thyme.system.config.RedisConfig$$EnhancerBySpringCGLIB$$7a71f452] is not eligible for getting processed by all BeanPostProcessors (for example: not eligible for auto-proxying)
2020-08-20 17:58:17.570 [restartedMain] INFO  org.springframework.context.support.PostProcessorRegistrationDelegate$BeanPostProcessorChecker - Bean 'org.springframework.security.config.annotation.configuration.ObjectPostProcessorConfiguration' of type [org.springframework.security.config.annotation.configuration.ObjectPostProcessorConfiguration$$EnhancerBySpringCGLIB$$9262ad35] is not eligible for getting processed by all BeanPostProcessors (for example: not eligible for auto-proxying)
2020-08-20 17:58:17.575 [restartedMain] INFO  org.springframework.context.support.PostProcessorRegistrationDelegate$BeanPostProcessorChecker - Bean 'org.springframework.transaction.annotation.ProxyTransactionManagementConfiguration' of type [org.springframework.transaction.annotation.ProxyTransactionManagementConfiguration$$EnhancerBySpringCGLIB$$f9b4e4fb] is not eligible for getting processed by all BeanPostProcessors (for example: not eligible for auto-proxying)
2020-08-20 17:58:17.586 [restartedMain] INFO  org.springframework.context.support.PostProcessorRegistrationDelegate$BeanPostProcessorChecker - Bean 'objectPostProcessor' of type [org.springframework.security.config.annotation.configuration.AutowireBeanFactoryObjectPostProcessor] is not eligible for getting processed by all BeanPostProcessors (for example: not eligible for auto-proxying)
2020-08-20 17:58:17.587 [restartedMain] INFO  org.springframework.context.support.PostProcessorRegistrationDelegate$BeanPostProcessorChecker - Bean 'org.springframework.security.access.expression.method.DefaultMethodSecurityExpressionHandler@4dae1506' of type [org.springframework.security.access.expression.method.DefaultMethodSecurityExpressionHandler] is not eligible for getting processed by all BeanPostProcessors (for example: not eligible for auto-proxying)
2020-08-20 17:58:17.587 [restartedMain] INFO  org.springframework.context.support.PostProcessorRegistrationDelegate$BeanPostProcessorChecker - Bean 'org.springframework.security.config.annotation.method.configuration.GlobalMethodSecurityConfiguration' of type [org.springframework.security.config.annotation.method.configuration.GlobalMethodSecurityConfiguration$$EnhancerBySpringCGLIB$$b7374fe7] is not eligible for getting processed by all BeanPostProcessors (for example: not eligible for auto-proxying)
2020-08-20 17:58:17.589 [restartedMain] INFO  org.springframework.context.support.PostProcessorRegistrationDelegate$BeanPostProcessorChecker - Bean 'methodSecurityMetadataSource' of type [org.springframework.security.access.method.DelegatingMethodSecurityMetadataSource] is not eligible for getting processed by all BeanPostProcessors (for example: not eligible for auto-proxying)
2020-08-20 17:58:17.811 [restartedMain] INFO  org.springframework.boot.web.embedded.tomcat.TomcatWebServer - Tomcat initialized with port(s): 8600 (https)
2020-08-20 17:58:17.821 [restartedMain] INFO  org.apache.coyote.http11.Http11NioProtocol - Initializing ProtocolHandler ["https-jsse-nio-8600"]
2020-08-20 17:58:17.830 [restartedMain] INFO  org.apache.catalina.core.StandardService - Starting service [Tomcat]
2020-08-20 17:58:17.831 [restartedMain] INFO  org.apache.catalina.core.StandardEngine - Starting Servlet engine: [Apache Tomcat/9.0.19]
2020-08-20 17:58:17.901 [restartedMain] INFO  org.apache.catalina.core.ContainerBase.[Tomcat].[localhost].[/Arslinth] - Initializing Spring embedded WebApplicationContext
2020-08-20 17:58:17.901 [restartedMain] INFO  org.springframework.web.context.ContextLoader - Root WebApplicationContext: initialization completed in 1499 ms
2020-08-20 17:58:18.256 [restartedMain] INFO  com.alibaba.druid.spring.boot.autoconfigure.DruidDataSourceAutoConfigure - Init DruidDataSource
2020-08-20 17:58:18.410 [restartedMain] INFO  com.alibaba.druid.pool.DruidDataSource - {dataSource-1} inited
2020-08-20 17:58:18.982 [restartedMain] WARN  com.baomidou.mybatisplus.core.toolkit.TableInfoHelper - Warn: Could not find @TableId in Class: com.thyme.system.entity.SysMenuRole.
2020-08-20 17:58:19.170 [restartedMain] INFO  com.thyme.system.config.filter.XssFilter - 初始化XssFilter过滤器....
2020-08-20 17:58:19.299 [restartedMain] WARN  com.baomidou.mybatisplus.core.toolkit.TableInfoHelper - Warn: Could not find @TableId in Class: com.thyme.system.entity.bussiness.ProductImg.
2020-08-20 17:58:19.444 [restartedMain] WARN  com.baomidou.mybatisplus.core.toolkit.TableInfoHelper - Warn: Could not find @TableId in Class: com.thyme.system.entity.SysUserRole.
2020-08-20 17:58:19.479 [restartedMain] INFO  com.thyme.system.config.RedisConfig - 初始化 -> [Redis CacheErrorHandler]
2020-08-20 17:58:19.555 [restartedMain] INFO  org.springframework.security.web.DefaultSecurityFilterChain - Creating filter chain: any request, [org.springframework.security.web.context.request.async.WebAsyncManagerIntegrationFilter@696b5470, org.springframework.security.web.context.SecurityContextPersistenceFilter@3e4f463c, org.springframework.security.web.header.HeaderWriterFilter@6d28ae69, org.springframework.web.filter.CorsFilter@54566543, org.springframework.security.web.authentication.logout.LogoutFilter@7f9c30a3, com.thyme.system.config.filter.ValidateCodeFilter@678fe9c5, org.springframework.security.web.authentication.UsernamePasswordAuthenticationFilter@5f57daac, org.springframework.security.web.session.ConcurrentSessionFilter@74bb1b2c, org.springframework.security.web.savedrequest.RequestCacheAwareFilter@2ef3e10d, org.springframework.security.web.servletapi.SecurityContextHolderAwareRequestFilter@ea8dfcd, org.springframework.security.web.authentication.rememberme.RememberMeAuthenticationFilter@2ee41b62, org.springframework.security.web.authentication.AnonymousAuthenticationFilter@549b1d52, org.springframework.security.web.session.SessionManagementFilter@1dba5d71, org.springframework.security.web.access.ExceptionTranslationFilter@2e62127d, org.springframework.security.web.access.intercept.FilterSecurityInterceptor@19c643f2]
2020-08-20 17:58:19.669 [restartedMain] INFO  org.springframework.scheduling.concurrent.ThreadPoolTaskExecutor - Initializing ExecutorService 'applicationTaskExecutor'
2020-08-20 17:58:19.788 [restartedMain] INFO  org.springframework.boot.autoconfigure.web.servlet.WelcomePageHandlerMapping - Adding welcome page template: index
2020-08-20 17:58:19.991 [restartedMain] INFO  io.lettuce.core.EpollProvider - Starting without optional epoll library
2020-08-20 17:58:19.992 [restartedMain] INFO  io.lettuce.core.KqueueProvider - Starting without optional kqueue library
2020-08-20 17:58:20.366 [restartedMain] INFO  org.springframework.boot.actuate.endpoint.web.EndpointLinksResolver - Exposing 3 endpoint(s) beneath base path '/actuator'
2020-08-20 17:58:20.437 [restartedMain] INFO  org.springframework.boot.devtools.autoconfigure.OptionalLiveReloadServer - LiveReload server is running on port 35729
2020-08-20 17:58:21.031 [restartedMain] INFO  org.springframework.scheduling.annotation.ScheduledAnnotationBeanPostProcessor - No TaskScheduler/ScheduledExecutorService bean found for scheduled processing
2020-08-20 17:58:21.035 [restartedMain] INFO  org.apache.coyote.http11.Http11NioProtocol - Starting ProtocolHandler ["https-jsse-nio-8600"]
2020-08-20 17:58:21.096 [restartedMain] INFO  org.springframework.boot.web.embedded.tomcat.TomcatWebServer - Tomcat started on port(s): 8600 (https) with context path '/Arslinth'
2020-08-20 17:58:21.098 [restartedMain] INFO  com.thyme.ThymeBootApplication - Started ThymeBootApplication in 5.057 seconds (JVM running for 5.723)
2020-08-20 17:58:21.593 [RMI TCP Connection(1)-192.168.199.155] INFO  org.apache.catalina.core.ContainerBase.[Tomcat].[localhost].[/Arslinth] - Initializing Spring DispatcherServlet 'dispatcherServlet'
2020-08-20 17:58:21.593 [RMI TCP Connection(1)-192.168.199.155] INFO  org.springframework.web.servlet.DispatcherServlet - Initializing Servlet 'dispatcherServlet'
2020-08-20 17:58:21.600 [RMI TCP Connection(1)-192.168.199.155] INFO  org.springframework.web.servlet.DispatcherServlet - Completed initialization in 7 ms
2020-08-20 17:58:29.921 [https-jsse-nio-8600-exec-10] WARN  org.springframework.web.servlet.PageNotFound - No mapping for GET /Arslinth/invalid_session
