2021-01-29 18:19:50.795 [restartedMain] INFO  com.thyme.ThymeBootApplication - Starting ThymeBootApplication on DESKTOP-HE with PID 16780 (C:\Users\UID\IdeaProjects\Arslinth\target\classes started by UID in C:\Users\UID\IdeaProjects\Arslinth)
2021-01-29 18:19:50.814 [restartedMain] INFO  com.thyme.ThymeBootApplication - The following profiles are active: dev
2021-01-29 18:19:50.883 [restartedMain] INFO  org.springframework.boot.devtools.env.DevToolsPropertyDefaultsPostProcessor - Devtools property defaults active! Set 'spring.devtools.add-properties' to 'false' to disable
2021-01-29 18:19:50.884 [restartedMain] INFO  org.springframework.boot.devtools.env.DevToolsPropertyDefaultsPostProcessor - For additional web related logging consider setting the 'logging.level.web' property to 'DEBUG'
2021-01-29 18:19:52.987 [restartedMain] INFO  org.springframework.data.repository.config.RepositoryConfigurationDelegate - Multiple Spring Data modules found, entering strict repository configuration mode!
2021-01-29 18:19:52.993 [restartedMain] INFO  org.springframework.data.repository.config.RepositoryConfigurationDelegate - Bootstrapping Spring Data repositories in DEFAULT mode.
2021-01-29 18:19:53.118 [restartedMain] INFO  org.springframework.data.repository.config.RepositoryConfigurationDelegate - Finished Spring Data repository scanning in 107ms. Found 0 repository interfaces.
2021-01-29 18:19:53.720 [restartedMain] INFO  org.springframework.context.support.PostProcessorRegistrationDelegate$BeanPostProcessorChecker - Bean 'redisConfig' of type [com.thyme.system.config.RedisConfig$$EnhancerBySpringCGLIB$$4b8a7ae7] is not eligible for getting processed by all BeanPostProcessors (for example: not eligible for auto-proxying)
2021-01-29 18:19:53.746 [restartedMain] INFO  org.springframework.context.support.PostProcessorRegistrationDelegate$BeanPostProcessorChecker - Bean 'org.springframework.security.config.annotation.configuration.ObjectPostProcessorConfiguration' of type [org.springframework.security.config.annotation.configuration.ObjectPostProcessorConfiguration$$EnhancerBySpringCGLIB$$637b33ca] is not eligible for getting processed by all BeanPostProcessors (for example: not eligible for auto-proxying)
2021-01-29 18:19:53.760 [restartedMain] INFO  org.springframework.context.support.PostProcessorRegistrationDelegate$BeanPostProcessorChecker - Bean 'org.springframework.transaction.annotation.ProxyTransactionManagementConfiguration' of type [org.springframework.transaction.annotation.ProxyTransactionManagementConfiguration$$EnhancerBySpringCGLIB$$cacd6b90] is not eligible for getting processed by all BeanPostProcessors (for example: not eligible for auto-proxying)
2021-01-29 18:19:53.786 [restartedMain] INFO  org.springframework.context.support.PostProcessorRegistrationDelegate$BeanPostProcessorChecker - Bean 'objectPostProcessor' of type [org.springframework.security.config.annotation.configuration.AutowireBeanFactoryObjectPostProcessor] is not eligible for getting processed by all BeanPostProcessors (for example: not eligible for auto-proxying)
2021-01-29 18:19:53.789 [restartedMain] INFO  org.springframework.context.support.PostProcessorRegistrationDelegate$BeanPostProcessorChecker - Bean 'org.springframework.security.access.expression.method.DefaultMethodSecurityExpressionHandler@41b298d9' of type [org.springframework.security.access.expression.method.DefaultMethodSecurityExpressionHandler] is not eligible for getting processed by all BeanPostProcessors (for example: not eligible for auto-proxying)
2021-01-29 18:19:53.793 [restartedMain] INFO  org.springframework.context.support.PostProcessorRegistrationDelegate$BeanPostProcessorChecker - Bean 'org.springframework.security.config.annotation.method.configuration.GlobalMethodSecurityConfiguration' of type [org.springframework.security.config.annotation.method.configuration.GlobalMethodSecurityConfiguration$$EnhancerBySpringCGLIB$$884fd67c] is not eligible for getting processed by all BeanPostProcessors (for example: not eligible for auto-proxying)
2021-01-29 18:19:53.797 [restartedMain] INFO  org.springframework.context.support.PostProcessorRegistrationDelegate$BeanPostProcessorChecker - Bean 'methodSecurityMetadataSource' of type [org.springframework.security.access.method.DelegatingMethodSecurityMetadataSource] is not eligible for getting processed by all BeanPostProcessors (for example: not eligible for auto-proxying)
2021-01-29 18:19:54.281 [restartedMain] INFO  org.springframework.boot.web.embedded.tomcat.TomcatWebServer - Tomcat initialized with port(s): 8600 (https)
2021-01-29 18:19:54.302 [restartedMain] INFO  org.apache.coyote.http11.Http11NioProtocol - Initializing ProtocolHandler ["https-jsse-nio-8600"]
2021-01-29 18:19:54.319 [restartedMain] INFO  org.apache.catalina.core.StandardService - Starting service [Tomcat]
2021-01-29 18:19:54.320 [restartedMain] INFO  org.apache.catalina.core.StandardEngine - Starting Servlet engine: [Apache Tomcat/9.0.19]
2021-01-29 18:19:54.533 [restartedMain] INFO  org.apache.catalina.core.ContainerBase.[Tomcat].[localhost].[/Arslinth] - Initializing Spring embedded WebApplicationContext
2021-01-29 18:19:54.534 [restartedMain] INFO  org.springframework.web.context.ContextLoader - Root WebApplicationContext: initialization completed in 3650 ms
2021-01-29 18:19:55.352 [restartedMain] INFO  com.alibaba.druid.spring.boot.autoconfigure.DruidDataSourceAutoConfigure - Init DruidDataSource
2021-01-29 18:19:55.703 [restartedMain] INFO  com.alibaba.druid.pool.DruidDataSource - {dataSource-1} inited
2021-01-29 18:19:57.158 [restartedMain] WARN  com.baomidou.mybatisplus.core.toolkit.TableInfoHelper - Warn: Could not find @TableId in Class: com.thyme.system.entity.SysMenuRole.
2021-01-29 18:19:57.689 [restartedMain] INFO  com.thyme.system.config.filter.XssFilter - 初始化XssFilter过滤器....
2021-01-29 18:19:58.391 [restartedMain] WARN  com.baomidou.mybatisplus.core.toolkit.TableInfoHelper - Warn: Could not find @TableId in Class: com.thyme.system.entity.bussiness.ProductImg.
2021-01-29 18:19:58.536 [restartedMain] WARN  com.baomidou.mybatisplus.core.toolkit.TableInfoHelper - Warn: Could not find @TableId in Class: com.thyme.system.entity.bussiness.SaleDetails.
2021-01-29 18:19:58.646 [restartedMain] WARN  com.baomidou.mybatisplus.core.toolkit.TableInfoHelper - Warn: Could not find @TableId in Class: com.thyme.system.entity.SysUserRole.
2021-01-29 18:19:58.750 [restartedMain] INFO  com.thyme.system.config.RedisConfig - 初始化 -> [Redis CacheErrorHandler]
2021-01-29 18:19:58.941 [restartedMain] INFO  org.springframework.security.web.DefaultSecurityFilterChain - Creating filter chain: any request, [org.springframework.security.web.context.request.async.WebAsyncManagerIntegrationFilter@21bee2a5, org.springframework.security.web.context.SecurityContextPersistenceFilter@3cab21df, org.springframework.security.web.header.HeaderWriterFilter@56202532, org.springframework.web.filter.CorsFilter@77c1a99a, org.springframework.security.web.authentication.logout.LogoutFilter@158de803, com.thyme.system.config.filter.ValidateCodeFilter@4af90df1, org.springframework.security.web.authentication.UsernamePasswordAuthenticationFilter@5bb04010, org.springframework.security.web.session.ConcurrentSessionFilter@7454dfd2, org.springframework.security.web.savedrequest.RequestCacheAwareFilter@27f5d5b7, org.springframework.security.web.servletapi.SecurityContextHolderAwareRequestFilter@2514eca7, org.springframework.security.web.authentication.rememberme.RememberMeAuthenticationFilter@3ecfd45b, org.springframework.security.web.authentication.AnonymousAuthenticationFilter@1fc7cffc, org.springframework.security.web.session.SessionManagementFilter@c41e8e2, org.springframework.security.web.access.ExceptionTranslationFilter@1e3d9d1a, org.springframework.security.web.access.intercept.FilterSecurityInterceptor@4928ab63]
2021-01-29 18:19:59.233 [restartedMain] INFO  org.springframework.scheduling.concurrent.ThreadPoolTaskExecutor - Initializing ExecutorService 'applicationTaskExecutor'
2021-01-29 18:19:59.516 [restartedMain] INFO  org.springframework.boot.autoconfigure.web.servlet.WelcomePageHandlerMapping - Adding welcome page template: index
2021-01-29 18:19:59.988 [restartedMain] INFO  io.lettuce.core.EpollProvider - Starting without optional epoll library
2021-01-29 18:19:59.990 [restartedMain] INFO  io.lettuce.core.KqueueProvider - Starting without optional kqueue library
2021-01-29 18:20:00.646 [restartedMain] INFO  org.springframework.boot.actuate.endpoint.web.EndpointLinksResolver - Exposing 3 endpoint(s) beneath base path '/actuator'
2021-01-29 18:20:00.993 [restartedMain] INFO  org.springframework.boot.devtools.autoconfigure.OptionalLiveReloadServer - LiveReload server is running on port 35729
2021-01-29 18:20:01.639 [restartedMain] INFO  org.springframework.scheduling.annotation.ScheduledAnnotationBeanPostProcessor - No TaskScheduler/ScheduledExecutorService bean found for scheduled processing
2021-01-29 18:20:01.650 [restartedMain] INFO  org.apache.coyote.http11.Http11NioProtocol - Starting ProtocolHandler ["https-jsse-nio-8600"]
2021-01-29 18:20:01.721 [restartedMain] INFO  org.springframework.boot.web.embedded.tomcat.TomcatWebServer - Tomcat started on port(s): 8600 (https) with context path '/Arslinth'
2021-01-29 18:20:01.727 [restartedMain] INFO  com.thyme.ThymeBootApplication - Started ThymeBootApplication in 11.673 seconds (JVM running for 13.792)
2021-01-29 18:20:11.363 [https-jsse-nio-8600-exec-1] INFO  org.apache.catalina.core.ContainerBase.[Tomcat].[localhost].[/Arslinth] - Initializing Spring DispatcherServlet 'dispatcherServlet'
2021-01-29 18:20:11.363 [https-jsse-nio-8600-exec-1] INFO  org.springframework.web.servlet.DispatcherServlet - Initializing Servlet 'dispatcherServlet'
2021-01-29 18:20:11.378 [https-jsse-nio-8600-exec-1] INFO  org.springframework.web.servlet.DispatcherServlet - Completed initialization in 15 ms
