2021-02-04 22:07:45.044 [restartedMain] INFO  com.thyme.ThymeBootApplication - Starting ThymeBootApplication on DESKTOP-HE with PID 16296 (C:\Users\UID\IdeaProjects\Arslinth\target\classes started by UID in C:\Users\UID\IdeaProjects\Arslinth)
2021-02-04 22:07:45.088 [restartedMain] INFO  com.thyme.ThymeBootApplication - The following profiles are active: dev
2021-02-04 22:07:45.183 [restartedMain] INFO  org.springframework.boot.devtools.env.DevToolsPropertyDefaultsPostProcessor - Devtools property defaults active! Set 'spring.devtools.add-properties' to 'false' to disable
2021-02-04 22:07:45.183 [restartedMain] INFO  org.springframework.boot.devtools.env.DevToolsPropertyDefaultsPostProcessor - For additional web related logging consider setting the 'logging.level.web' property to 'DEBUG'
2021-02-04 22:07:47.296 [restartedMain] INFO  org.springframework.data.repository.config.RepositoryConfigurationDelegate - Multiple Spring Data modules found, entering strict repository configuration mode!
2021-02-04 22:07:47.302 [restartedMain] INFO  org.springframework.data.repository.config.RepositoryConfigurationDelegate - Bootstrapping Spring Data repositories in DEFAULT mode.
2021-02-04 22:07:47.422 [restartedMain] INFO  org.springframework.data.repository.config.RepositoryConfigurationDelegate - Finished Spring Data repository scanning in 102ms. Found 0 repository interfaces.
2021-02-04 22:07:48.106 [restartedMain] INFO  org.springframework.context.support.PostProcessorRegistrationDelegate$BeanPostProcessorChecker - Bean 'redisConfig' of type [com.thyme.system.config.RedisConfig$$EnhancerBySpringCGLIB$$620a6592] is not eligible for getting processed by all BeanPostProcessors (for example: not eligible for auto-proxying)
2021-02-04 22:07:48.140 [restartedMain] INFO  org.springframework.context.support.PostProcessorRegistrationDelegate$BeanPostProcessorChecker - Bean 'org.springframework.security.config.annotation.configuration.ObjectPostProcessorConfiguration' of type [org.springframework.security.config.annotation.configuration.ObjectPostProcessorConfiguration$$EnhancerBySpringCGLIB$$79fb1e75] is not eligible for getting processed by all BeanPostProcessors (for example: not eligible for auto-proxying)
2021-02-04 22:07:48.157 [restartedMain] INFO  org.springframework.context.support.PostProcessorRegistrationDelegate$BeanPostProcessorChecker - Bean 'org.springframework.transaction.annotation.ProxyTransactionManagementConfiguration' of type [org.springframework.transaction.annotation.ProxyTransactionManagementConfiguration$$EnhancerBySpringCGLIB$$e14d563b] is not eligible for getting processed by all BeanPostProcessors (for example: not eligible for auto-proxying)
2021-02-04 22:07:48.189 [restartedMain] INFO  org.springframework.context.support.PostProcessorRegistrationDelegate$BeanPostProcessorChecker - Bean 'objectPostProcessor' of type [org.springframework.security.config.annotation.configuration.AutowireBeanFactoryObjectPostProcessor] is not eligible for getting processed by all BeanPostProcessors (for example: not eligible for auto-proxying)
2021-02-04 22:07:48.192 [restartedMain] INFO  org.springframework.context.support.PostProcessorRegistrationDelegate$BeanPostProcessorChecker - Bean 'org.springframework.security.access.expression.method.DefaultMethodSecurityExpressionHandler@46cbb385' of type [org.springframework.security.access.expression.method.DefaultMethodSecurityExpressionHandler] is not eligible for getting processed by all BeanPostProcessors (for example: not eligible for auto-proxying)
2021-02-04 22:07:48.193 [restartedMain] INFO  org.springframework.context.support.PostProcessorRegistrationDelegate$BeanPostProcessorChecker - Bean 'org.springframework.security.config.annotation.method.configuration.GlobalMethodSecurityConfiguration' of type [org.springframework.security.config.annotation.method.configuration.GlobalMethodSecurityConfiguration$$EnhancerBySpringCGLIB$$9ecfc127] is not eligible for getting processed by all BeanPostProcessors (for example: not eligible for auto-proxying)
2021-02-04 22:07:48.197 [restartedMain] INFO  org.springframework.context.support.PostProcessorRegistrationDelegate$BeanPostProcessorChecker - Bean 'methodSecurityMetadataSource' of type [org.springframework.security.access.method.DelegatingMethodSecurityMetadataSource] is not eligible for getting processed by all BeanPostProcessors (for example: not eligible for auto-proxying)
2021-02-04 22:07:48.790 [restartedMain] INFO  org.springframework.boot.web.embedded.tomcat.TomcatWebServer - Tomcat initialized with port(s): 8600 (https)
2021-02-04 22:07:48.813 [restartedMain] INFO  org.apache.coyote.http11.Http11NioProtocol - Initializing ProtocolHandler ["https-jsse-nio-8600"]
2021-02-04 22:07:48.832 [restartedMain] INFO  org.apache.catalina.core.StandardService - Starting service [Tomcat]
2021-02-04 22:07:48.833 [restartedMain] INFO  org.apache.catalina.core.StandardEngine - Starting Servlet engine: [Apache Tomcat/9.0.19]
2021-02-04 22:07:49.055 [restartedMain] INFO  org.apache.catalina.core.ContainerBase.[Tomcat].[localhost].[/Arslinth] - Initializing Spring embedded WebApplicationContext
2021-02-04 22:07:49.056 [restartedMain] INFO  org.springframework.web.context.ContextLoader - Root WebApplicationContext: initialization completed in 3872 ms
2021-02-04 22:07:49.922 [restartedMain] INFO  com.alibaba.druid.spring.boot.autoconfigure.DruidDataSourceAutoConfigure - Init DruidDataSource
2021-02-04 22:07:50.333 [restartedMain] INFO  com.alibaba.druid.pool.DruidDataSource - {dataSource-1} inited
2021-02-04 22:07:51.915 [restartedMain] WARN  com.baomidou.mybatisplus.core.toolkit.TableInfoHelper - Warn: Could not find @TableId in Class: com.thyme.system.entity.SysMenuRole.
2021-02-04 22:07:52.423 [restartedMain] INFO  com.thyme.system.config.filter.XssFilter - 初始化XssFilter过滤器....
2021-02-04 22:07:53.205 [restartedMain] WARN  com.baomidou.mybatisplus.core.toolkit.TableInfoHelper - Warn: Could not find @TableId in Class: com.thyme.system.entity.bussiness.ProductImg.
2021-02-04 22:07:53.346 [restartedMain] WARN  com.baomidou.mybatisplus.core.toolkit.TableInfoHelper - Warn: Could not find @TableId in Class: com.thyme.system.entity.bussiness.SaleDetails.
2021-02-04 22:07:53.467 [restartedMain] WARN  com.baomidou.mybatisplus.core.toolkit.TableInfoHelper - Warn: Could not find @TableId in Class: com.thyme.system.entity.SysUserRole.
2021-02-04 22:07:53.564 [restartedMain] INFO  com.thyme.system.config.RedisConfig - 初始化 -> [Redis CacheErrorHandler]
2021-02-04 22:07:53.756 [restartedMain] INFO  org.springframework.security.web.DefaultSecurityFilterChain - Creating filter chain: any request, [org.springframework.security.web.context.request.async.WebAsyncManagerIntegrationFilter@15396191, org.springframework.security.web.context.SecurityContextPersistenceFilter@6526bf68, org.springframework.security.web.header.HeaderWriterFilter@ec70316, org.springframework.web.filter.CorsFilter@3e460b65, org.springframework.security.web.authentication.logout.LogoutFilter@1323f24d, com.thyme.system.config.filter.ValidateCodeFilter@6d33347f, org.springframework.security.web.authentication.UsernamePasswordAuthenticationFilter@22c5cbd7, org.springframework.security.web.session.ConcurrentSessionFilter@e242e56, org.springframework.security.web.savedrequest.RequestCacheAwareFilter@61dcf8c3, org.springframework.security.web.servletapi.SecurityContextHolderAwareRequestFilter@2f221070, org.springframework.security.web.authentication.rememberme.RememberMeAuthenticationFilter@17f24e46, org.springframework.security.web.authentication.AnonymousAuthenticationFilter@1a4b6539, org.springframework.security.web.session.SessionManagementFilter@7f06f7bd, org.springframework.security.web.access.ExceptionTranslationFilter@1349f492, org.springframework.security.web.access.intercept.FilterSecurityInterceptor@3594f2bf]
2021-02-04 22:07:54.035 [restartedMain] INFO  org.springframework.scheduling.concurrent.ThreadPoolTaskExecutor - Initializing ExecutorService 'applicationTaskExecutor'
2021-02-04 22:07:54.319 [restartedMain] INFO  org.springframework.boot.autoconfigure.web.servlet.WelcomePageHandlerMapping - Adding welcome page template: index
2021-02-04 22:07:54.803 [restartedMain] INFO  io.lettuce.core.EpollProvider - Starting without optional epoll library
2021-02-04 22:07:54.806 [restartedMain] INFO  io.lettuce.core.KqueueProvider - Starting without optional kqueue library
2021-02-04 22:07:55.524 [restartedMain] INFO  org.springframework.boot.actuate.endpoint.web.EndpointLinksResolver - Exposing 3 endpoint(s) beneath base path '/actuator'
2021-02-04 22:07:55.816 [restartedMain] INFO  org.springframework.boot.devtools.autoconfigure.OptionalLiveReloadServer - LiveReload server is running on port 35729
2021-02-04 22:07:56.504 [restartedMain] INFO  org.springframework.scheduling.annotation.ScheduledAnnotationBeanPostProcessor - No TaskScheduler/ScheduledExecutorService bean found for scheduled processing
2021-02-04 22:07:56.516 [restartedMain] INFO  org.apache.coyote.http11.Http11NioProtocol - Starting ProtocolHandler ["https-jsse-nio-8600"]
2021-02-04 22:07:56.594 [restartedMain] INFO  org.springframework.boot.web.embedded.tomcat.TomcatWebServer - Tomcat started on port(s): 8600 (https) with context path '/Arslinth'
2021-02-04 22:07:56.598 [restartedMain] INFO  com.thyme.ThymeBootApplication - Started ThymeBootApplication in 12.721 seconds (JVM running for 15.181)
2021-02-04 22:11:24.758 [https-jsse-nio-8600-exec-1] INFO  org.apache.catalina.core.ContainerBase.[Tomcat].[localhost].[/Arslinth] - Initializing Spring DispatcherServlet 'dispatcherServlet'
2021-02-04 22:11:24.759 [https-jsse-nio-8600-exec-1] INFO  org.springframework.web.servlet.DispatcherServlet - Initializing Servlet 'dispatcherServlet'
2021-02-04 22:11:24.773 [https-jsse-nio-8600-exec-1] INFO  org.springframework.web.servlet.DispatcherServlet - Completed initialization in 14 ms
