2020-09-20 04:22:53.508 [restartedMain] INFO  com.thyme.ThymeBootApplication - Starting ThymeBootApplication on Arslinth-PC with PID 20900 (started by Arslinth in E:\Java project\Arslinth)
2020-09-20 04:22:53.514 [restartedMain] INFO  com.thyme.ThymeBootApplication - The following profiles are active: dev
2020-09-20 04:22:53.540 [restartedMain] INFO  org.springframework.boot.devtools.env.DevToolsPropertyDefaultsPostProcessor - Devtools property defaults active! Set 'spring.devtools.add-properties' to 'false' to disable
2020-09-20 04:22:53.540 [restartedMain] INFO  org.springframework.boot.devtools.env.DevToolsPropertyDefaultsPostProcessor - For additional web related logging consider setting the 'logging.level.web' property to 'DEBUG'
2020-09-20 04:22:54.366 [restartedMain] INFO  org.springframework.data.repository.config.RepositoryConfigurationDelegate - Multiple Spring Data modules found, entering strict repository configuration mode!
2020-09-20 04:22:54.369 [restartedMain] INFO  org.springframework.data.repository.config.RepositoryConfigurationDelegate - Bootstrapping Spring Data repositories in DEFAULT mode.
2020-09-20 04:22:54.404 [restartedMain] INFO  org.springframework.data.repository.config.RepositoryConfigurationDelegate - Finished Spring Data repository scanning in 24ms. Found 0 repository interfaces.
2020-09-20 04:22:54.646 [restartedMain] INFO  org.springframework.context.support.PostProcessorRegistrationDelegate$BeanPostProcessorChecker - Bean 'redisConfig' of type [com.thyme.system.config.RedisConfig$$EnhancerBySpringCGLIB$$f0653244] is not eligible for getting processed by all BeanPostProcessors (for example: not eligible for auto-proxying)
2020-09-20 04:22:54.659 [restartedMain] INFO  org.springframework.context.support.PostProcessorRegistrationDelegate$BeanPostProcessorChecker - Bean 'org.springframework.security.config.annotation.configuration.ObjectPostProcessorConfiguration' of type [org.springframework.security.config.annotation.configuration.ObjectPostProcessorConfiguration$$EnhancerBySpringCGLIB$$855eb27] is not eligible for getting processed by all BeanPostProcessors (for example: not eligible for auto-proxying)
2020-09-20 04:22:54.664 [restartedMain] INFO  org.springframework.context.support.PostProcessorRegistrationDelegate$BeanPostProcessorChecker - Bean 'org.springframework.transaction.annotation.ProxyTransactionManagementConfiguration' of type [org.springframework.transaction.annotation.ProxyTransactionManagementConfiguration$$EnhancerBySpringCGLIB$$6fa822ed] is not eligible for getting processed by all BeanPostProcessors (for example: not eligible for auto-proxying)
2020-09-20 04:22:54.674 [restartedMain] INFO  org.springframework.context.support.PostProcessorRegistrationDelegate$BeanPostProcessorChecker - Bean 'objectPostProcessor' of type [org.springframework.security.config.annotation.configuration.AutowireBeanFactoryObjectPostProcessor] is not eligible for getting processed by all BeanPostProcessors (for example: not eligible for auto-proxying)
2020-09-20 04:22:54.675 [restartedMain] INFO  org.springframework.context.support.PostProcessorRegistrationDelegate$BeanPostProcessorChecker - Bean 'org.springframework.security.access.expression.method.DefaultMethodSecurityExpressionHandler@57aca000' of type [org.springframework.security.access.expression.method.DefaultMethodSecurityExpressionHandler] is not eligible for getting processed by all BeanPostProcessors (for example: not eligible for auto-proxying)
2020-09-20 04:22:54.676 [restartedMain] INFO  org.springframework.context.support.PostProcessorRegistrationDelegate$BeanPostProcessorChecker - Bean 'org.springframework.security.config.annotation.method.configuration.GlobalMethodSecurityConfiguration' of type [org.springframework.security.config.annotation.method.configuration.GlobalMethodSecurityConfiguration$$EnhancerBySpringCGLIB$$2d2a8dd9] is not eligible for getting processed by all BeanPostProcessors (for example: not eligible for auto-proxying)
2020-09-20 04:22:54.677 [restartedMain] INFO  org.springframework.context.support.PostProcessorRegistrationDelegate$BeanPostProcessorChecker - Bean 'methodSecurityMetadataSource' of type [org.springframework.security.access.method.DelegatingMethodSecurityMetadataSource] is not eligible for getting processed by all BeanPostProcessors (for example: not eligible for auto-proxying)
2020-09-20 04:22:54.890 [restartedMain] INFO  org.springframework.boot.web.embedded.tomcat.TomcatWebServer - Tomcat initialized with port(s): 8600 (https)
2020-09-20 04:22:54.900 [restartedMain] INFO  org.apache.coyote.http11.Http11NioProtocol - Initializing ProtocolHandler ["https-jsse-nio-8600"]
2020-09-20 04:22:54.909 [restartedMain] INFO  org.apache.catalina.core.StandardService - Starting service [Tomcat]
2020-09-20 04:22:54.909 [restartedMain] INFO  org.apache.catalina.core.StandardEngine - Starting Servlet engine: [Apache Tomcat/9.0.19]
2020-09-20 04:22:54.985 [restartedMain] INFO  org.apache.catalina.core.ContainerBase.[Tomcat].[localhost].[/Arslinth] - Initializing Spring embedded WebApplicationContext
2020-09-20 04:22:54.985 [restartedMain] INFO  org.springframework.web.context.ContextLoader - Root WebApplicationContext: initialization completed in 1444 ms
2020-09-20 04:22:55.353 [restartedMain] INFO  com.alibaba.druid.spring.boot.autoconfigure.DruidDataSourceAutoConfigure - Init DruidDataSource
2020-09-20 04:22:55.514 [restartedMain] INFO  com.alibaba.druid.pool.DruidDataSource - {dataSource-1} inited
2020-09-20 04:22:56.216 [restartedMain] WARN  com.baomidou.mybatisplus.core.toolkit.TableInfoHelper - Warn: Could not find @TableId in Class: com.thyme.system.entity.SysMenuRole.
2020-09-20 04:22:56.427 [restartedMain] INFO  com.thyme.system.config.filter.XssFilter - 初始化XssFilter过滤器....
2020-09-20 04:22:56.574 [restartedMain] WARN  com.baomidou.mybatisplus.core.toolkit.TableInfoHelper - Warn: Could not find @TableId in Class: com.thyme.system.entity.bussiness.ProductImg.
2020-09-20 04:22:56.725 [restartedMain] WARN  com.baomidou.mybatisplus.core.toolkit.TableInfoHelper - Warn: Could not find @TableId in Class: com.thyme.system.entity.SysUserRole.
2020-09-20 04:22:56.769 [restartedMain] INFO  com.thyme.system.config.RedisConfig - 初始化 -> [Redis CacheErrorHandler]
2020-09-20 04:22:56.861 [restartedMain] INFO  org.springframework.security.web.DefaultSecurityFilterChain - Creating filter chain: any request, [org.springframework.security.web.context.request.async.WebAsyncManagerIntegrationFilter@2c97d9ad, org.springframework.security.web.context.SecurityContextPersistenceFilter@727460d0, org.springframework.security.web.header.HeaderWriterFilter@7b7f0c1c, org.springframework.web.filter.CorsFilter@35e9f966, org.springframework.security.web.authentication.logout.LogoutFilter@4fff16bb, com.thyme.system.config.filter.ValidateCodeFilter@4df32641, org.springframework.security.web.authentication.UsernamePasswordAuthenticationFilter@5b13732e, org.springframework.security.web.session.ConcurrentSessionFilter@587d0086, org.springframework.security.web.savedrequest.RequestCacheAwareFilter@3145dcd6, org.springframework.security.web.servletapi.SecurityContextHolderAwareRequestFilter@238b564a, org.springframework.security.web.authentication.rememberme.RememberMeAuthenticationFilter@6ce35fc6, org.springframework.security.web.authentication.AnonymousAuthenticationFilter@6923bb4, org.springframework.security.web.session.SessionManagementFilter@24926f64, org.springframework.security.web.access.ExceptionTranslationFilter@42906dd5, org.springframework.security.web.access.intercept.FilterSecurityInterceptor@10a731f1]
2020-09-20 04:22:56.994 [restartedMain] INFO  org.springframework.scheduling.concurrent.ThreadPoolTaskExecutor - Initializing ExecutorService 'applicationTaskExecutor'
2020-09-20 04:22:57.118 [restartedMain] INFO  org.springframework.boot.autoconfigure.web.servlet.WelcomePageHandlerMapping - Adding welcome page template: index
2020-09-20 04:22:57.330 [restartedMain] INFO  io.lettuce.core.EpollProvider - Starting without optional epoll library
2020-09-20 04:22:57.331 [restartedMain] INFO  io.lettuce.core.KqueueProvider - Starting without optional kqueue library
2020-09-20 04:22:57.961 [restartedMain] INFO  org.springframework.boot.actuate.endpoint.web.EndpointLinksResolver - Exposing 3 endpoint(s) beneath base path '/actuator'
2020-09-20 04:22:58.026 [restartedMain] INFO  org.springframework.boot.devtools.autoconfigure.OptionalLiveReloadServer - LiveReload server is running on port 35729
2020-09-20 04:22:58.659 [restartedMain] INFO  org.springframework.scheduling.annotation.ScheduledAnnotationBeanPostProcessor - No TaskScheduler/ScheduledExecutorService bean found for scheduled processing
2020-09-20 04:22:58.663 [restartedMain] INFO  org.apache.coyote.http11.Http11NioProtocol - Starting ProtocolHandler ["https-jsse-nio-8600"]
2020-09-20 04:22:58.717 [restartedMain] INFO  org.springframework.boot.web.embedded.tomcat.TomcatWebServer - Tomcat started on port(s): 8600 (https) with context path '/Arslinth'
2020-09-20 04:22:58.724 [restartedMain] INFO  com.thyme.ThymeBootApplication - Started ThymeBootApplication in 5.505 seconds (JVM running for 6.414)
2020-09-20 04:22:59.213 [RMI TCP Connection(3)-192.168.199.155] INFO  org.apache.catalina.core.ContainerBase.[Tomcat].[localhost].[/Arslinth] - Initializing Spring DispatcherServlet 'dispatcherServlet'
2020-09-20 04:22:59.214 [RMI TCP Connection(3)-192.168.199.155] INFO  org.springframework.web.servlet.DispatcherServlet - Initializing Servlet 'dispatcherServlet'
2020-09-20 04:22:59.220 [RMI TCP Connection(3)-192.168.199.155] INFO  org.springframework.web.servlet.DispatcherServlet - Completed initialization in 6 ms
2020-09-20 04:23:05.950 [https-jsse-nio-8600-exec-10] WARN  org.springframework.web.servlet.PageNotFound - No mapping for GET /Arslinth/invalid_session
2020-09-20 11:34:32.836 [restartedMain] INFO  com.thyme.ThymeBootApplication - Starting ThymeBootApplication on Arslinth-PC with PID 15188 (started by Arslinth in E:\Java project\Arslinth)
2020-09-20 11:34:32.841 [restartedMain] INFO  com.thyme.ThymeBootApplication - The following profiles are active: dev
2020-09-20 11:34:32.864 [restartedMain] INFO  org.springframework.boot.devtools.env.DevToolsPropertyDefaultsPostProcessor - Devtools property defaults active! Set 'spring.devtools.add-properties' to 'false' to disable
2020-09-20 11:34:32.865 [restartedMain] INFO  org.springframework.boot.devtools.env.DevToolsPropertyDefaultsPostProcessor - For additional web related logging consider setting the 'logging.level.web' property to 'DEBUG'
2020-09-20 11:34:33.626 [restartedMain] INFO  org.springframework.data.repository.config.RepositoryConfigurationDelegate - Multiple Spring Data modules found, entering strict repository configuration mode!
2020-09-20 11:34:33.628 [restartedMain] INFO  org.springframework.data.repository.config.RepositoryConfigurationDelegate - Bootstrapping Spring Data repositories in DEFAULT mode.
2020-09-20 11:34:33.664 [restartedMain] INFO  org.springframework.data.repository.config.RepositoryConfigurationDelegate - Finished Spring Data repository scanning in 27ms. Found 0 repository interfaces.
2020-09-20 11:34:33.907 [restartedMain] INFO  org.springframework.context.support.PostProcessorRegistrationDelegate$BeanPostProcessorChecker - Bean 'redisConfig' of type [com.thyme.system.config.RedisConfig$$EnhancerBySpringCGLIB$$1e2b8353] is not eligible for getting processed by all BeanPostProcessors (for example: not eligible for auto-proxying)
2020-09-20 11:34:33.920 [restartedMain] INFO  org.springframework.context.support.PostProcessorRegistrationDelegate$BeanPostProcessorChecker - Bean 'org.springframework.security.config.annotation.configuration.ObjectPostProcessorConfiguration' of type [org.springframework.security.config.annotation.configuration.ObjectPostProcessorConfiguration$$EnhancerBySpringCGLIB$$361c3c36] is not eligible for getting processed by all BeanPostProcessors (for example: not eligible for auto-proxying)
2020-09-20 11:34:33.925 [restartedMain] INFO  org.springframework.context.support.PostProcessorRegistrationDelegate$BeanPostProcessorChecker - Bean 'org.springframework.transaction.annotation.ProxyTransactionManagementConfiguration' of type [org.springframework.transaction.annotation.ProxyTransactionManagementConfiguration$$EnhancerBySpringCGLIB$$9d6e73fc] is not eligible for getting processed by all BeanPostProcessors (for example: not eligible for auto-proxying)
2020-09-20 11:34:33.936 [restartedMain] INFO  org.springframework.context.support.PostProcessorRegistrationDelegate$BeanPostProcessorChecker - Bean 'objectPostProcessor' of type [org.springframework.security.config.annotation.configuration.AutowireBeanFactoryObjectPostProcessor] is not eligible for getting processed by all BeanPostProcessors (for example: not eligible for auto-proxying)
2020-09-20 11:34:33.937 [restartedMain] INFO  org.springframework.context.support.PostProcessorRegistrationDelegate$BeanPostProcessorChecker - Bean 'org.springframework.security.access.expression.method.DefaultMethodSecurityExpressionHandler@7e51cc36' of type [org.springframework.security.access.expression.method.DefaultMethodSecurityExpressionHandler] is not eligible for getting processed by all BeanPostProcessors (for example: not eligible for auto-proxying)
2020-09-20 11:34:33.938 [restartedMain] INFO  org.springframework.context.support.PostProcessorRegistrationDelegate$BeanPostProcessorChecker - Bean 'org.springframework.security.config.annotation.method.configuration.GlobalMethodSecurityConfiguration' of type [org.springframework.security.config.annotation.method.configuration.GlobalMethodSecurityConfiguration$$EnhancerBySpringCGLIB$$5af0dee8] is not eligible for getting processed by all BeanPostProcessors (for example: not eligible for auto-proxying)
2020-09-20 11:34:33.940 [restartedMain] INFO  org.springframework.context.support.PostProcessorRegistrationDelegate$BeanPostProcessorChecker - Bean 'methodSecurityMetadataSource' of type [org.springframework.security.access.method.DelegatingMethodSecurityMetadataSource] is not eligible for getting processed by all BeanPostProcessors (for example: not eligible for auto-proxying)
2020-09-20 11:34:34.173 [restartedMain] INFO  org.springframework.boot.web.embedded.tomcat.TomcatWebServer - Tomcat initialized with port(s): 8600 (https)
2020-09-20 11:34:34.183 [restartedMain] INFO  org.apache.coyote.http11.Http11NioProtocol - Initializing ProtocolHandler ["https-jsse-nio-8600"]
2020-09-20 11:34:34.193 [restartedMain] INFO  org.apache.catalina.core.StandardService - Starting service [Tomcat]
2020-09-20 11:34:34.193 [restartedMain] INFO  org.apache.catalina.core.StandardEngine - Starting Servlet engine: [Apache Tomcat/9.0.19]
2020-09-20 11:34:34.266 [restartedMain] INFO  org.apache.catalina.core.ContainerBase.[Tomcat].[localhost].[/Arslinth] - Initializing Spring embedded WebApplicationContext
2020-09-20 11:34:34.266 [restartedMain] INFO  org.springframework.web.context.ContextLoader - Root WebApplicationContext: initialization completed in 1401 ms
2020-09-20 11:34:34.575 [restartedMain] INFO  com.alibaba.druid.spring.boot.autoconfigure.DruidDataSourceAutoConfigure - Init DruidDataSource
2020-09-20 11:34:34.734 [restartedMain] INFO  com.alibaba.druid.pool.DruidDataSource - {dataSource-1} inited
2020-09-20 11:34:35.481 [restartedMain] WARN  com.baomidou.mybatisplus.core.toolkit.TableInfoHelper - Warn: Could not find @TableId in Class: com.thyme.system.entity.SysMenuRole.
2020-09-20 11:34:35.686 [restartedMain] INFO  com.thyme.system.config.filter.XssFilter - 初始化XssFilter过滤器....
2020-09-20 11:34:35.836 [restartedMain] WARN  com.baomidou.mybatisplus.core.toolkit.TableInfoHelper - Warn: Could not find @TableId in Class: com.thyme.system.entity.bussiness.ProductImg.
2020-09-20 11:34:35.969 [restartedMain] WARN  com.baomidou.mybatisplus.core.toolkit.TableInfoHelper - Warn: Could not find @TableId in Class: com.thyme.system.entity.SysUserRole.
2020-09-20 11:34:36.007 [restartedMain] INFO  com.thyme.system.config.RedisConfig - 初始化 -> [Redis CacheErrorHandler]
2020-09-20 11:34:36.092 [restartedMain] INFO  org.springframework.security.web.DefaultSecurityFilterChain - Creating filter chain: any request, [org.springframework.security.web.context.request.async.WebAsyncManagerIntegrationFilter@1ce38395, org.springframework.security.web.context.SecurityContextPersistenceFilter@2c734114, org.springframework.security.web.header.HeaderWriterFilter@55621b2c, org.springframework.web.filter.CorsFilter@8757513, org.springframework.security.web.authentication.logout.LogoutFilter@5a54b06b, com.thyme.system.config.filter.ValidateCodeFilter@7db7f989, org.springframework.security.web.authentication.UsernamePasswordAuthenticationFilter@18c9551, org.springframework.security.web.session.ConcurrentSessionFilter@1375b700, org.springframework.security.web.savedrequest.RequestCacheAwareFilter@69b1f238, org.springframework.security.web.servletapi.SecurityContextHolderAwareRequestFilter@5bf13333, org.springframework.security.web.authentication.rememberme.RememberMeAuthenticationFilter@727460d0, org.springframework.security.web.authentication.AnonymousAuthenticationFilter@7494c0e, org.springframework.security.web.session.SessionManagementFilter@6ea52292, org.springframework.security.web.access.ExceptionTranslationFilter@74a5cb67, org.springframework.security.web.access.intercept.FilterSecurityInterceptor@587d0086]
2020-09-20 11:34:36.220 [restartedMain] INFO  org.springframework.scheduling.concurrent.ThreadPoolTaskExecutor - Initializing ExecutorService 'applicationTaskExecutor'
2020-09-20 11:34:36.346 [restartedMain] INFO  org.springframework.boot.autoconfigure.web.servlet.WelcomePageHandlerMapping - Adding welcome page template: index
2020-09-20 11:34:36.554 [restartedMain] INFO  io.lettuce.core.EpollProvider - Starting without optional epoll library
2020-09-20 11:34:36.555 [restartedMain] INFO  io.lettuce.core.KqueueProvider - Starting without optional kqueue library
2020-09-20 11:34:37.105 [restartedMain] INFO  org.springframework.boot.actuate.endpoint.web.EndpointLinksResolver - Exposing 3 endpoint(s) beneath base path '/actuator'
2020-09-20 11:34:37.167 [restartedMain] INFO  org.springframework.boot.devtools.autoconfigure.OptionalLiveReloadServer - LiveReload server is running on port 35729
2020-09-20 11:34:37.803 [restartedMain] INFO  org.springframework.scheduling.annotation.ScheduledAnnotationBeanPostProcessor - No TaskScheduler/ScheduledExecutorService bean found for scheduled processing
2020-09-20 11:34:37.809 [restartedMain] INFO  org.apache.coyote.http11.Http11NioProtocol - Starting ProtocolHandler ["https-jsse-nio-8600"]
2020-09-20 11:34:37.884 [restartedMain] INFO  org.springframework.boot.web.embedded.tomcat.TomcatWebServer - Tomcat started on port(s): 8600 (https) with context path '/Arslinth'
2020-09-20 11:34:37.886 [restartedMain] INFO  com.thyme.ThymeBootApplication - Started ThymeBootApplication in 5.343 seconds (JVM running for 6.143)
2020-09-20 11:34:38.215 [RMI TCP Connection(5)-192.168.199.155] INFO  org.apache.catalina.core.ContainerBase.[Tomcat].[localhost].[/Arslinth] - Initializing Spring DispatcherServlet 'dispatcherServlet'
2020-09-20 11:34:38.216 [RMI TCP Connection(5)-192.168.199.155] INFO  org.springframework.web.servlet.DispatcherServlet - Initializing Servlet 'dispatcherServlet'
2020-09-20 11:34:38.222 [RMI TCP Connection(5)-192.168.199.155] INFO  org.springframework.web.servlet.DispatcherServlet - Completed initialization in 6 ms
2020-09-20 11:34:39.423 [https-jsse-nio-8600-exec-10] WARN  org.springframework.web.servlet.PageNotFound - No mapping for GET /Arslinth/invalid_session
2020-09-20 11:36:40.548 [https-jsse-nio-8600-exec-2] INFO  com.thyme.common.utils.excel.ExcelListener - 解析到一条数据:{"cost":53.0,"count":60,"inDate":"2020-01-28","pdName":"正大808","price":60.0,"remark":"30包/件","single":true,"unit":2}
2020-09-20 11:36:40.566 [https-jsse-nio-8600-exec-2] INFO  com.thyme.common.utils.excel.ExcelListener - 所有数据解析完成！
