2020-09-22 16:57:08.277 [restartedMain] INFO  com.thyme.ThymeBootApplication - Starting ThymeBootApplication on Arslinth-PC with PID 15564 (started by Arslinth in E:\Java project\Arslinth)
2020-09-22 16:57:08.284 [restartedMain] INFO  com.thyme.ThymeBootApplication - The following profiles are active: dev
2020-09-22 16:57:08.331 [restartedMain] INFO  org.springframework.boot.devtools.env.DevToolsPropertyDefaultsPostProcessor - Devtools property defaults active! Set 'spring.devtools.add-properties' to 'false' to disable
2020-09-22 16:57:08.331 [restartedMain] INFO  org.springframework.boot.devtools.env.DevToolsPropertyDefaultsPostProcessor - For additional web related logging consider setting the 'logging.level.web' property to 'DEBUG'
2020-09-22 16:57:09.160 [restartedMain] INFO  org.springframework.data.repository.config.RepositoryConfigurationDelegate - Multiple Spring Data modules found, entering strict repository configuration mode!
2020-09-22 16:57:09.162 [restartedMain] INFO  org.springframework.data.repository.config.RepositoryConfigurationDelegate - Bootstrapping Spring Data repositories in DEFAULT mode.
2020-09-22 16:57:09.194 [restartedMain] INFO  org.springframework.data.repository.config.RepositoryConfigurationDelegate - Finished Spring Data repository scanning in 24ms. Found 0 repository interfaces.
2020-09-22 16:57:09.441 [restartedMain] INFO  org.springframework.context.support.PostProcessorRegistrationDelegate$BeanPostProcessorChecker - Bean 'redisConfig' of type [com.thyme.system.config.RedisConfig$$EnhancerBySpringCGLIB$$64392d0e] is not eligible for getting processed by all BeanPostProcessors (for example: not eligible for auto-proxying)
2020-09-22 16:57:09.452 [restartedMain] INFO  org.springframework.context.support.PostProcessorRegistrationDelegate$BeanPostProcessorChecker - Bean 'org.springframework.security.config.annotation.configuration.ObjectPostProcessorConfiguration' of type [org.springframework.security.config.annotation.configuration.ObjectPostProcessorConfiguration$$EnhancerBySpringCGLIB$$7c29e5f1] is not eligible for getting processed by all BeanPostProcessors (for example: not eligible for auto-proxying)
2020-09-22 16:57:09.458 [restartedMain] INFO  org.springframework.context.support.PostProcessorRegistrationDelegate$BeanPostProcessorChecker - Bean 'org.springframework.transaction.annotation.ProxyTransactionManagementConfiguration' of type [org.springframework.transaction.annotation.ProxyTransactionManagementConfiguration$$EnhancerBySpringCGLIB$$e37c1db7] is not eligible for getting processed by all BeanPostProcessors (for example: not eligible for auto-proxying)
2020-09-22 16:57:09.468 [restartedMain] INFO  org.springframework.context.support.PostProcessorRegistrationDelegate$BeanPostProcessorChecker - Bean 'objectPostProcessor' of type [org.springframework.security.config.annotation.configuration.AutowireBeanFactoryObjectPostProcessor] is not eligible for getting processed by all BeanPostProcessors (for example: not eligible for auto-proxying)
2020-09-22 16:57:09.469 [restartedMain] INFO  org.springframework.context.support.PostProcessorRegistrationDelegate$BeanPostProcessorChecker - Bean 'org.springframework.security.access.expression.method.DefaultMethodSecurityExpressionHandler@22b490e7' of type [org.springframework.security.access.expression.method.DefaultMethodSecurityExpressionHandler] is not eligible for getting processed by all BeanPostProcessors (for example: not eligible for auto-proxying)
2020-09-22 16:57:09.471 [restartedMain] INFO  org.springframework.context.support.PostProcessorRegistrationDelegate$BeanPostProcessorChecker - Bean 'org.springframework.security.config.annotation.method.configuration.GlobalMethodSecurityConfiguration' of type [org.springframework.security.config.annotation.method.configuration.GlobalMethodSecurityConfiguration$$EnhancerBySpringCGLIB$$a0fe88a3] is not eligible for getting processed by all BeanPostProcessors (for example: not eligible for auto-proxying)
2020-09-22 16:57:09.473 [restartedMain] INFO  org.springframework.context.support.PostProcessorRegistrationDelegate$BeanPostProcessorChecker - Bean 'methodSecurityMetadataSource' of type [org.springframework.security.access.method.DelegatingMethodSecurityMetadataSource] is not eligible for getting processed by all BeanPostProcessors (for example: not eligible for auto-proxying)
2020-09-22 16:57:09.691 [restartedMain] INFO  org.springframework.boot.web.embedded.tomcat.TomcatWebServer - Tomcat initialized with port(s): 8600 (https)
2020-09-22 16:57:09.703 [restartedMain] INFO  org.apache.coyote.http11.Http11NioProtocol - Initializing ProtocolHandler ["https-jsse-nio-8600"]
2020-09-22 16:57:09.712 [restartedMain] INFO  org.apache.catalina.core.StandardService - Starting service [Tomcat]
2020-09-22 16:57:09.713 [restartedMain] INFO  org.apache.catalina.core.StandardEngine - Starting Servlet engine: [Apache Tomcat/9.0.19]
2020-09-22 16:57:09.789 [restartedMain] INFO  org.apache.catalina.core.ContainerBase.[Tomcat].[localhost].[/Arslinth] - Initializing Spring embedded WebApplicationContext
2020-09-22 16:57:09.789 [restartedMain] INFO  org.springframework.web.context.ContextLoader - Root WebApplicationContext: initialization completed in 1458 ms
2020-09-22 16:57:10.162 [restartedMain] INFO  com.alibaba.druid.spring.boot.autoconfigure.DruidDataSourceAutoConfigure - Init DruidDataSource
2020-09-22 16:57:10.326 [restartedMain] INFO  com.alibaba.druid.pool.DruidDataSource - {dataSource-1} inited
2020-09-22 16:57:11.066 [restartedMain] WARN  com.baomidou.mybatisplus.core.toolkit.TableInfoHelper - Warn: Could not find @TableId in Class: com.thyme.system.entity.SysMenuRole.
2020-09-22 16:57:11.260 [restartedMain] INFO  com.thyme.system.config.filter.XssFilter - 初始化XssFilter过滤器....
2020-09-22 16:57:11.395 [restartedMain] WARN  com.baomidou.mybatisplus.core.toolkit.TableInfoHelper - Warn: Could not find @TableId in Class: com.thyme.system.entity.bussiness.ProductImg.
2020-09-22 16:57:11.537 [restartedMain] WARN  com.baomidou.mybatisplus.core.toolkit.TableInfoHelper - Warn: Could not find @TableId in Class: com.thyme.system.entity.SysUserRole.
2020-09-22 16:57:11.576 [restartedMain] INFO  com.thyme.system.config.RedisConfig - 初始化 -> [Redis CacheErrorHandler]
2020-09-22 16:57:11.654 [restartedMain] INFO  org.springframework.security.web.DefaultSecurityFilterChain - Creating filter chain: any request, [org.springframework.security.web.context.request.async.WebAsyncManagerIntegrationFilter@7494c0e, org.springframework.security.web.context.SecurityContextPersistenceFilter@57c29277, org.springframework.security.web.header.HeaderWriterFilter@34812996, org.springframework.web.filter.CorsFilter@1c1172ce, org.springframework.security.web.authentication.logout.LogoutFilter@74d308d7, com.thyme.system.config.filter.ValidateCodeFilter@739b0ab2, org.springframework.security.web.authentication.UsernamePasswordAuthenticationFilter@3145dcd6, org.springframework.security.web.session.ConcurrentSessionFilter@200ea9ca, org.springframework.security.web.savedrequest.RequestCacheAwareFilter@3c24463d, org.springframework.security.web.servletapi.SecurityContextHolderAwareRequestFilter@1bb6d3d8, org.springframework.security.web.authentication.rememberme.RememberMeAuthenticationFilter@18c9551, org.springframework.security.web.authentication.AnonymousAuthenticationFilter@6515d15f, org.springframework.security.web.session.SessionManagementFilter@2c9581b5, org.springframework.security.web.access.ExceptionTranslationFilter@5bd3343f, org.springframework.security.web.access.intercept.FilterSecurityInterceptor@433110ac]
2020-09-22 16:57:11.776 [restartedMain] INFO  org.springframework.scheduling.concurrent.ThreadPoolTaskExecutor - Initializing ExecutorService 'applicationTaskExecutor'
2020-09-22 16:57:11.894 [restartedMain] INFO  org.springframework.boot.autoconfigure.web.servlet.WelcomePageHandlerMapping - Adding welcome page template: index
2020-09-22 16:57:12.103 [restartedMain] INFO  io.lettuce.core.EpollProvider - Starting without optional epoll library
2020-09-22 16:57:12.104 [restartedMain] INFO  io.lettuce.core.KqueueProvider - Starting without optional kqueue library
2020-09-22 16:57:12.691 [restartedMain] INFO  org.springframework.boot.actuate.endpoint.web.EndpointLinksResolver - Exposing 3 endpoint(s) beneath base path '/actuator'
2020-09-22 16:57:12.765 [restartedMain] INFO  org.springframework.boot.devtools.autoconfigure.OptionalLiveReloadServer - LiveReload server is running on port 35729
2020-09-22 16:57:13.401 [restartedMain] INFO  org.springframework.scheduling.annotation.ScheduledAnnotationBeanPostProcessor - No TaskScheduler/ScheduledExecutorService bean found for scheduled processing
2020-09-22 16:57:13.405 [restartedMain] INFO  org.apache.coyote.http11.Http11NioProtocol - Starting ProtocolHandler ["https-jsse-nio-8600"]
2020-09-22 16:57:13.478 [restartedMain] INFO  org.springframework.boot.web.embedded.tomcat.TomcatWebServer - Tomcat started on port(s): 8600 (https) with context path '/Arslinth'
2020-09-22 16:57:13.480 [restartedMain] INFO  com.thyme.ThymeBootApplication - Started ThymeBootApplication in 5.565 seconds (JVM running for 6.548)
2020-09-22 16:57:13.856 [RMI TCP Connection(1)-192.168.199.155] INFO  org.apache.catalina.core.ContainerBase.[Tomcat].[localhost].[/Arslinth] - Initializing Spring DispatcherServlet 'dispatcherServlet'
2020-09-22 16:57:13.857 [RMI TCP Connection(1)-192.168.199.155] INFO  org.springframework.web.servlet.DispatcherServlet - Initializing Servlet 'dispatcherServlet'
2020-09-22 16:57:13.867 [RMI TCP Connection(1)-192.168.199.155] INFO  org.springframework.web.servlet.DispatcherServlet - Completed initialization in 10 ms
2020-09-22 16:57:16.793 [https-jsse-nio-8600-exec-8] WARN  org.springframework.web.servlet.PageNotFound - No mapping for GET /Arslinth/invalid_session
2020-09-22 16:59:24.481 [https-jsse-nio-8600-exec-10] INFO  com.thyme.system.service.UploadService - 上传图片名为：admin.jpg--虚拟文件路径为：/uploadimg/--物理文件路径为：C://Users//Arslinth//Pictures//spriingImg//
2020-09-22 17:02:53.527 [https-jsse-nio-8600-exec-6] WARN  org.springframework.web.servlet.PageNotFound - No mapping for GET /Arslinth/404
